Log file open, 11/05/20 12:11:42
LogInit: Display: Running engine for game: SpaceRimCleaner
LogPlatformFile: Not using cached read wrapper
LogTaskGraph: Started task graph with 5 named threads and 23 total threads with 3 sets of task threads.
LogStats: Stats thread started at 0.648584
LogD3D11RHI: Loaded GFSDK_Aftermath_Lib.x64.dll
LogICUInternationalization: ICU TimeZone Detection - Raw Offset: +1:00, Platform Override: ''
LogPluginManager: Mounting plugin Paper2D
LogPluginManager: Mounting plugin AISupport
LogPluginManager: Mounting plugin LightPropagationVolume
LogPluginManager: Mounting plugin CameraShakePreviewer
LogPluginManager: Mounting plugin ActorLayerUtilities
LogPluginManager: Mounting plugin AnimationSharing
LogPluginManager: Mounting plugin CLionSourceCodeAccess
LogPluginManager: Mounting plugin CodeLiteSourceCodeAccess
LogPluginManager: Mounting plugin GitSourceControl
LogPluginManager: Mounting plugin KDevelopSourceCodeAccess
LogPluginManager: Mounting plugin NullSourceCodeAccess
LogPluginManager: Mounting plugin PerforceSourceControl
LogPluginManager: Mounting plugin PlasticSourceControl
LogPluginManager: Mounting plugin RiderSourceCodeAccess
LogPluginManager: Mounting plugin SubversionSourceControl
LogPluginManager: Mounting plugin UObjectPlugin
LogPluginManager: Mounting plugin VisualStudioCodeSourceCodeAccess
LogPluginManager: Mounting plugin VisualStudioSourceCodeAccess
LogPluginManager: Mounting plugin XCodeSourceCodeAccess
LogPluginManager: Mounting plugin AssetManagerEditor
LogPluginManager: Mounting plugin CryptoKeys
LogPluginManager: Mounting plugin CurveEditorTools
LogPluginManager: Mounting plugin DataValidation
LogPluginManager: Mounting plugin EditorScriptingUtilities
LogPluginManager: Mounting plugin FacialAnimation
LogPluginManager: Mounting plugin GameplayTagsEditor
LogPluginManager: Mounting plugin GeometryMode
LogPluginManager: Mounting plugin MacGraphicsSwitching
LogPluginManager: Mounting plugin MaterialAnalyzer
LogPluginManager: Mounting plugin MobileLauncherProfileWizard
LogPluginManager: Mounting plugin PluginBrowser
LogPluginManager: Mounting plugin SpeedTreeImporter
LogPluginManager: Mounting plugin DatasmithContent
LogPluginManager: Mounting plugin VariantManagerContent
LogPluginManager: Mounting plugin AlembicImporter
LogPluginManager: Mounting plugin AutomationUtils
LogPluginManager: Mounting plugin BackChannel
LogPluginManager: Mounting plugin ChaosCloth
LogPluginManager: Mounting plugin ChaosClothEditor
LogPluginManager: Mounting plugin ChaosEditor
LogPluginManager: Mounting plugin ChaosNiagara
LogPluginManager: Mounting plugin ChaosSolverPlugin
LogPluginManager: Mounting plugin CharacterAI
LogPluginManager: Mounting plugin GeometryCache
LogPluginManager: Mounting plugin GeometryCollectionPlugin
LogPluginManager: Mounting plugin GeometryProcessing
LogPluginManager: Mounting plugin PlanarCut
LogPluginManager: Mounting plugin PlatformCrypto
LogPluginManager: Mounting plugin ProxyLODPlugin
LogPluginManager: Mounting plugin SkeletalReduction
LogPluginManager: Mounting plugin Niagara
LogPluginManager: Mounting plugin MagicLeap
LogPluginManager: Mounting plugin MagicLeapLightEstimation
LogPluginManager: Mounting plugin MagicLeapMedia
LogPluginManager: Mounting plugin MagicLeapPassableWorld
LogPluginManager: Mounting plugin MLSDK
LogPluginManager: Mounting plugin AndroidMedia
LogPluginManager: Mounting plugin AvfMedia
LogPluginManager: Mounting plugin ImgMedia
LogPluginManager: Mounting plugin MediaCompositing
LogPluginManager: Mounting plugin MediaPlayerEditor
LogPluginManager: Mounting plugin WebMMedia
LogPluginManager: Mounting plugin WmfMedia
LogPluginManager: Mounting plugin MeshPainting
LogPluginManager: Mounting plugin TcpMessaging
LogPluginManager: Mounting plugin UdpMessaging
LogPluginManager: Mounting plugin ActorSequence
LogPluginManager: Mounting plugin LevelSequenceEditor
LogPluginManager: Mounting plugin MatineeToLevelSequence
LogPluginManager: Mounting plugin MovieRenderPipeline
LogPluginManager: Mounting plugin TemplateSequence
LogPluginManager: Mounting plugin NetcodeUnitTest
LogPluginManager: Mounting plugin NUTUnrealEngine4
LogPluginManager: Mounting plugin OnlineSubsystemGooglePlay
LogPluginManager: Mounting plugin OnlineSubsystemIOS
LogPluginManager: Mounting plugin OnlineSubsystem
LogPluginManager: Mounting plugin OnlineSubsystemNull
LogPluginManager: Mounting plugin OnlineSubsystemUtils
LogPluginManager: Mounting plugin LauncherChunkInstaller
LogPluginManager: Mounting plugin AndroidDeviceProfileSelector
LogPluginManager: Mounting plugin AndroidMoviePlayer
LogPluginManager: Mounting plugin AndroidPermission
LogPluginManager: Mounting plugin AppleImageUtils
LogPluginManager: Mounting plugin AppleMoviePlayer
LogPluginManager: Mounting plugin ArchVisCharacter
LogPluginManager: Mounting plugin AssetTags
LogPluginManager: Mounting plugin AudioCapture
LogPluginManager: Mounting plugin CableComponent
LogPluginManager: Mounting plugin CustomMeshComponent
LogPluginManager: Mounting plugin EditableMesh
LogPluginManager: Mounting plugin ExampleDeviceProfileSelector
LogPluginManager: Mounting plugin GoogleCloudMessaging
LogPluginManager: Mounting plugin GooglePAD
LogPluginManager: Mounting plugin IOSDeviceProfileSelector
LogPluginManager: Mounting plugin LinuxDeviceProfileSelector
LogPluginManager: Mounting plugin LocationServicesBPLibrary
LogPluginManager: Mounting plugin MobilePatchingUtils
LogPluginManager: Mounting plugin OculusVR
LogPluginManager: Mounting plugin PhysXVehicles
LogPluginManager: Mounting plugin PostSplashScreen
LogPluginManager: Mounting plugin ProceduralMeshComponent
LogPluginManager: Mounting plugin RuntimePhysXCooking
LogPluginManager: Mounting plugin SignificanceManager
LogPluginManager: Mounting plugin SoundFields
LogPluginManager: Mounting plugin SteamVR
LogPluginManager: Mounting plugin Synthesis
LogPluginManager: Mounting plugin WebMMoviePlayer
LogPluginManager: Mounting plugin WindowsMoviePlayer
LogPluginManager: Mounting plugin ScreenshotTools
LogInit: Using libcurl 7.55.1-DEV
LogInit:  - built for x86_64-pc-win32
LogInit:  - supports SSL with OpenSSL/1.1.1
LogInit:  - supports HTTP deflate (compression) using libz 1.2.8
LogInit:  - other features:
LogInit:      CURL_VERSION_SSL
LogInit:      CURL_VERSION_LIBZ
LogInit:      CURL_VERSION_IPV6
LogInit:      CURL_VERSION_ASYNCHDNS
LogInit:      CURL_VERSION_LARGEFILE
LogInit:      CURL_VERSION_IDN
LogInit:  CurlRequestOptions (configurable via config and command line):
LogInit:  - bVerifyPeer = true  - Libcurl will verify peer certificate
LogInit:  - bUseHttpProxy = false  - Libcurl will NOT use HTTP proxy
LogInit:  - bDontReuseConnections = false  - Libcurl will reuse connections
LogInit:  - MaxHostConnections = 16  - Libcurl will limit the number of connections to a host
LogInit:  - LocalHostAddr = Default
LogInit:  - BufferSize = 65536
LogOnline: OSS: Creating online subsystem instance for: NULL
LogInit: WinSock: version 1.1 (2.2), MaxSocks=32767, MaxUdp=65467
LogOnline: OSS: TryLoadSubsystemAndSetDefault: Loaded subsystem for module [NULL]
LogInit: Build: ++UE4+Release-4.25-CL-14469661
LogInit: Engine Version: 4.25.4-14469661+++UE4+Release-4.25
LogInit: Compatible Engine Version: 4.25.0-13144385+++UE4+Release-4.25
LogInit: Net CL: 13144385
LogInit: OS: Windows 10 (Release 2004) (), CPU: Intel(R) Core(TM) i7-6700K CPU @ 4.00GHz, GPU: NVIDIA GeForce GTX 1080
LogInit: Compiled (64-bit): Oct 11 2020 08:10:49
LogInit: Compiled with Visual C++: 19.24.28315.00
LogInit: Build Configuration: Development
LogInit: Branch Name: ++UE4+Release-4.25
LogInit: Command Line: 
LogInit: Base Directory: D:/UNREAL/UE_4.25/Engine/Binaries/Win64/
LogInit: Allocator: TBB
LogInit: Installed Engine Build: 1
LogDevObjectVersion: Number of dev versions registered: 26
LogDevObjectVersion:   Dev-Blueprints (B0D832E4-1F89-4F0D-ACCF-7EB736FD4AA2): 10
LogDevObjectVersion:   Dev-Build (E1C64328-A22C-4D53-A36C-8E866417BD8C): 0
LogDevObjectVersion:   Dev-Core (375EC13C-06E4-48FB-B500-84F0262A717E): 4
LogDevObjectVersion:   Dev-Editor (E4B068ED-F494-42E9-A231-DA0B2E46BB41): 38
LogDevObjectVersion:   Dev-Framework (CFFC743F-43B0-4480-9391-14DF171D2073): 37
LogDevObjectVersion:   Dev-Mobile (B02B49B5-BB20-44E9-A304-32B752E40360): 2
LogDevObjectVersion:   Dev-Networking (A4E4105C-59A1-49B5-A7C5-40C4547EDFEE): 0
LogDevObjectVersion:   Dev-Online (39C831C9-5AE6-47DC-9A44-9C173E1C8E7C): 0
LogDevObjectVersion:   Dev-Physics (78F01B33-EBEA-4F98-B9B4-84EACCB95AA2): 4
LogDevObjectVersion:   Dev-Platform (6631380F-2D4D-43E0-8009-CF276956A95A): 0
LogDevObjectVersion:   Dev-Rendering (12F88B9F-8875-4AFC-A67C-D90C383ABD29): 43
LogDevObjectVersion:   Dev-Sequencer (7B5AE74C-D270-4C10-A958-57980B212A5A): 12
LogDevObjectVersion:   Dev-VR (D7296918-1DD6-4BDD-9DE2-64A83CC13884): 3
LogDevObjectVersion:   Dev-LoadTimes (C2A15278-BFE7-4AFE-6C17-90FF531DF755): 1
LogDevObjectVersion:   Private-Geometry (6EACA3D4-40EC-4CC1-B786-8BED09428FC5): 3
LogDevObjectVersion:   Dev-AnimPhys (29E575DD-E0A3-4627-9D10-D276232CDCEA): 17
LogDevObjectVersion:   Dev-Anim (AF43A65D-7FD3-4947-9873-3E8ED9C1BB05): 7
LogDevObjectVersion:   Dev-ReflectionCapture (6B266CEC-1EC7-4B8F-A30B-E4D90942FC07): 1
LogDevObjectVersion:   Dev-Automation (0DF73D61-A23F-47EA-B727-89E90C41499A): 1
LogDevObjectVersion:   FortniteMain (601D1886-AC64-4F84-AA16-D3DE0DEAC7D6): 31
LogDevObjectVersion:   Dev-Enterprise (9DFFBCD6-494F-0158-E221-12823C92A888): 10
LogDevObjectVersion:   Dev-Niagara (F2AED0AC-9AFE-416F-8664-AA7FFA26D6FC): 1
LogDevObjectVersion:   Dev-Destruction (174F1F0B-B4C6-45A5-B13F-2EE8D0FB917D): 10
LogDevObjectVersion:   Dev-Physics-Ext (35F94A83-E258-406C-A318-09F59610247C): 37
LogDevObjectVersion:   Dev-PhysicsMaterial-Chaos (B68FC16E-8B1B-42E2-B453-215C058844FE): 1
LogDevObjectVersion:   Dev-CineCamera (B2E18506-4273-CFC2-A54E-F4BB758BBA07): 1
LogInit: Presizing for max 25165824 objects, including 0 objects not considered by GC, pre-allocating 0 bytes for permanent pool.
LogConfig: Applying CVar settings from Section [/Script/Engine.StreamingSettings] File [F:/_GITHUB/Git_SpaceRimCleaner/SpaceRimCleaner/Saved/Config/Windows/Engine.ini]
LogConfig: Setting CVar [[s.MinBulkDataSizeForAsyncLoading:131072]]
LogConfig: Setting CVar [[s.AsyncLoadingThreadEnabled:0]]
LogConfig: Setting CVar [[s.EventDrivenLoaderEnabled:1]]
LogConfig: Setting CVar [[s.WarnIfTimeLimitExceeded:0]]
LogConfig: Setting CVar [[s.TimeLimitExceededMultiplier:1.5]]
LogConfig: Setting CVar [[s.TimeLimitExceededMinTime:0.005]]
LogConfig: Setting CVar [[s.UseBackgroundLevelStreaming:1]]
LogConfig: Setting CVar [[s.PriorityAsyncLoadingExtraTime:15.0]]
LogConfig: Setting CVar [[s.LevelStreamingActorsUpdateTimeLimit:5.0]]
LogConfig: Setting CVar [[s.PriorityLevelStreamingActorsUpdateExtraTime:5.0]]
LogConfig: Setting CVar [[s.LevelStreamingComponentsRegistrationGranularity:10]]
LogConfig: Setting CVar [[s.UnregisterComponentsTimeLimit:1.0]]
LogConfig: Setting CVar [[s.LevelStreamingComponentsUnregistrationGranularity:5]]
LogConfig: Setting CVar [[s.FlushStreamingOnExit:1]]
LogInit: Object subsystem initialized
LogConfig: Setting CVar [[con.DebugEarlyDefault:1]]
LogConfig: Setting CVar [[r.setres:1280x720]]
[2020.11.05-11.11.43:175][  0]LogConfig: Setting CVar [[r.VSync:0]]
[2020.11.05-11.11.43:175][  0]LogConfig: Setting CVar [[r.RHICmdBypass:0]]
[2020.11.05-11.11.43:175][  0]LogConfig: Applying CVar settings from Section [/Script/Engine.RendererSettings] File [F:/_GITHUB/Git_SpaceRimCleaner/SpaceRimCleaner/Saved/Config/Windows/Engine.ini]
[2020.11.05-11.11.43:175][  0]LogConfig: Setting CVar [[r.GPUCrashDebugging:0]]
[2020.11.05-11.11.43:175][  0]LogConfig: Applying CVar settings from Section [/Script/Engine.RendererOverrideSettings] File [F:/_GITHUB/Git_SpaceRimCleaner/SpaceRimCleaner/Saved/Config/Windows/Engine.ini]
[2020.11.05-11.11.43:175][  0]LogConfig: Applying CVar settings from Section [/Script/Engine.StreamingSettings] File [F:/_GITHUB/Git_SpaceRimCleaner/SpaceRimCleaner/Saved/Config/Windows/Engine.ini]
[2020.11.05-11.11.43:175][  0]LogConfig: Setting CVar [[s.MinBulkDataSizeForAsyncLoading:131072]]
[2020.11.05-11.11.43:175][  0]LogConfig: Setting CVar [[s.AsyncLoadingThreadEnabled:0]]
[2020.11.05-11.11.43:175][  0]LogConfig: Setting CVar [[s.EventDrivenLoaderEnabled:1]]
[2020.11.05-11.11.43:175][  0]LogConfig: Setting CVar [[s.WarnIfTimeLimitExceeded:0]]
[2020.11.05-11.11.43:175][  0]LogConfig: Setting CVar [[s.TimeLimitExceededMultiplier:1.5]]
[2020.11.05-11.11.43:175][  0]LogConfig: Setting CVar [[s.TimeLimitExceededMinTime:0.005]]
[2020.11.05-11.11.43:175][  0]LogConfig: Setting CVar [[s.UseBackgroundLevelStreaming:1]]
[2020.11.05-11.11.43:175][  0]LogConfig: Setting CVar [[s.PriorityAsyncLoadingExtraTime:15.0]]
[2020.11.05-11.11.43:175][  0]LogConfig: Setting CVar [[s.LevelStreamingActorsUpdateTimeLimit:5.0]]
[2020.11.05-11.11.43:175][  0]LogConfig: Setting CVar [[s.PriorityLevelStreamingActorsUpdateExtraTime:5.0]]
[2020.11.05-11.11.43:175][  0]LogConfig: Setting CVar [[s.LevelStreamingComponentsRegistrationGranularity:10]]
[2020.11.05-11.11.43:175][  0]LogConfig: Setting CVar [[s.UnregisterComponentsTimeLimit:1.0]]
[2020.11.05-11.11.43:175][  0]LogConfig: Setting CVar [[s.LevelStreamingComponentsUnregistrationGranularity:5]]
[2020.11.05-11.11.43:175][  0]LogConfig: Setting CVar [[s.FlushStreamingOnExit:1]]
[2020.11.05-11.11.43:175][  0]LogConfig: Applying CVar settings from Section [/Script/Engine.GarbageCollectionSettings] File [F:/_GITHUB/Git_SpaceRimCleaner/SpaceRimCleaner/Saved/Config/Windows/Engine.ini]
[2020.11.05-11.11.43:175][  0]LogConfig: Setting CVar [[gc.MaxObjectsNotConsideredByGC:1]]
[2020.11.05-11.11.43:175][  0]LogConfig: Setting CVar [[gc.SizeOfPermanentObjectPool:0]]
[2020.11.05-11.11.43:175][  0]LogConfig: Setting CVar [[gc.FlushStreamingOnGC:0]]
[2020.11.05-11.11.43:175][  0]LogConfig: Setting CVar [[gc.NumRetriesBeforeForcingGC:10]]
[2020.11.05-11.11.43:175][  0]LogConfig: Setting CVar [[gc.AllowParallelGC:1]]
[2020.11.05-11.11.43:175][  0]LogConfig: Setting CVar [[gc.TimeBetweenPurgingPendingKillObjects:61.1]]
[2020.11.05-11.11.43:175][  0]LogConfig: Setting CVar [[gc.MaxObjectsInEditor:25165824]]
[2020.11.05-11.11.43:175][  0]LogConfig: Setting CVar [[gc.IncrementalBeginDestroyEnabled:1]]
[2020.11.05-11.11.43:175][  0]LogConfig: Setting CVar [[gc.CreateGCClusters:1]]
[2020.11.05-11.11.43:175][  0]LogConfig: Setting CVar [[gc.MinGCClusterSize:5]]
[2020.11.05-11.11.43:175][  0]LogConfig: Setting CVar [[gc.ActorClusteringEnabled:0]]
[2020.11.05-11.11.43:175][  0]LogConfig: Setting CVar [[gc.BlueprintClusteringEnabled:0]]
[2020.11.05-11.11.43:175][  0]LogConfig: Setting CVar [[gc.UseDisregardForGCOnDedicatedServers:0]]
[2020.11.05-11.11.43:175][  0]LogConfig: Applying CVar settings from Section [/Script/Engine.NetworkSettings] File [F:/_GITHUB/Git_SpaceRimCleaner/SpaceRimCleaner/Saved/Config/Windows/Engine.ini]
[2020.11.05-11.11.43:175][  0]LogConfig: Applying CVar settings from Section [/Script/UnrealEd.CookerSettings] File [F:/_GITHUB/Git_SpaceRimCleaner/SpaceRimCleaner/Saved/Config/Windows/Engine.ini]
[2020.11.05-11.11.43:180][  0]LogConfig: Applying CVar settings from Section [ViewDistanceQuality@3] File [F:/_GITHUB/Git_SpaceRimCleaner/SpaceRimCleaner/Saved/Config/Windows/Scalability.ini]
[2020.11.05-11.11.43:180][  0]LogConfig: Setting CVar [[r.SkeletalMeshLODBias:0]]
[2020.11.05-11.11.43:180][  0]LogConfig: Setting CVar [[r.ViewDistanceScale:1.0]]
[2020.11.05-11.11.43:180][  0]LogConfig: Applying CVar settings from Section [AntiAliasingQuality@3] File [F:/_GITHUB/Git_SpaceRimCleaner/SpaceRimCleaner/Saved/Config/Windows/Scalability.ini]
[2020.11.05-11.11.43:180][  0]LogConfig: Setting CVar [[r.PostProcessAAQuality:4]]
[2020.11.05-11.11.43:180][  0]LogConfig: Applying CVar settings from Section [ShadowQuality@3] File [F:/_GITHUB/Git_SpaceRimCleaner/SpaceRimCleaner/Saved/Config/Windows/Scalability.ini]
[2020.11.05-11.11.43:180][  0]LogConfig: Setting CVar [[r.LightFunctionQuality:1]]
[2020.11.05-11.11.43:180][  0]LogConfig: Setting CVar [[r.ShadowQuality:5]]
[2020.11.05-11.11.43:180][  0]LogConfig: Setting CVar [[r.Shadow.CSM.MaxCascades:10]]
[2020.11.05-11.11.43:180][  0]LogConfig: Setting CVar [[r.Shadow.MaxResolution:2048]]
[2020.11.05-11.11.43:180][  0]LogConfig: Setting CVar [[r.Shadow.MaxCSMResolution:2048]]
[2020.11.05-11.11.43:180][  0]LogConfig: Setting CVar [[r.Shadow.RadiusThreshold:0.01]]
[2020.11.05-11.11.43:180][  0]LogConfig: Setting CVar [[r.Shadow.DistanceScale:1.0]]
[2020.11.05-11.11.43:180][  0]LogConfig: Setting CVar [[r.Shadow.CSM.TransitionScale:1.0]]
[2020.11.05-11.11.43:180][  0]LogConfig: Setting CVar [[r.Shadow.PreShadowResolutionFactor:1.0]]
[2020.11.05-11.11.43:180][  0]LogConfig: Setting CVar [[r.DistanceFieldShadowing:1]]
[2020.11.05-11.11.43:180][  0]LogConfig: Setting CVar [[r.DistanceFieldAO:1]]
[2020.11.05-11.11.43:180][  0]LogConfig: Setting CVar [[r.AOQuality:2]]
[2020.11.05-11.11.43:180][  0]LogConfig: Setting CVar [[r.VolumetricFog:1]]
[2020.11.05-11.11.43:180][  0]LogConfig: Setting CVar [[r.VolumetricFog.GridPixelSize:8]]
[2020.11.05-11.11.43:180][  0]LogConfig: Setting CVar [[r.VolumetricFog.GridSizeZ:128]]
[2020.11.05-11.11.43:180][  0]LogConfig: Setting CVar [[r.VolumetricFog.HistoryMissSupersampleCount:4]]
[2020.11.05-11.11.43:180][  0]LogConfig: Setting CVar [[r.LightMaxDrawDistanceScale:1]]
[2020.11.05-11.11.43:180][  0]LogConfig: Setting CVar [[r.CapsuleShadows:1]]
[2020.11.05-11.11.43:180][  0]LogConfig: Applying CVar settings from Section [PostProcessQuality@3] File [F:/_GITHUB/Git_SpaceRimCleaner/SpaceRimCleaner/Saved/Config/Windows/Scalability.ini]
[2020.11.05-11.11.43:180][  0]LogConfig: Setting CVar [[r.MotionBlurQuality:4]]
[2020.11.05-11.11.43:180][  0]LogConfig: Setting CVar [[r.AmbientOcclusionMipLevelFactor:0.4]]
[2020.11.05-11.11.43:180][  0]LogConfig: Setting CVar [[r.AmbientOcclusionMaxQuality:100]]
[2020.11.05-11.11.43:180][  0]LogConfig: Setting CVar [[r.AmbientOcclusionLevels:-1]]
[2020.11.05-11.11.43:180][  0]LogConfig: Setting CVar [[r.AmbientOcclusionRadiusScale:1.0]]
[2020.11.05-11.11.43:180][  0]LogConfig: Setting CVar [[r.DepthOfFieldQuality:2]]
[2020.11.05-11.11.43:180][  0]LogConfig: Setting CVar [[r.RenderTargetPoolMin:400]]
[2020.11.05-11.11.43:180][  0]LogConfig: Setting CVar [[r.LensFlareQuality:2]]
[2020.11.05-11.11.43:180][  0]LogConfig: Setting CVar [[r.SceneColorFringeQuality:1]]
[2020.11.05-11.11.43:180][  0]LogConfig: Setting CVar [[r.EyeAdaptationQuality:2]]
[2020.11.05-11.11.43:180][  0]LogConfig: Setting CVar [[r.BloomQuality:5]]
[2020.11.05-11.11.43:180][  0]LogConfig: Setting CVar [[r.FastBlurThreshold:100]]
[2020.11.05-11.11.43:180][  0]LogConfig: Setting CVar [[r.Upscale.Quality:3]]
[2020.11.05-11.11.43:180][  0]LogConfig: Setting CVar [[r.Tonemapper.GrainQuantization:1]]
[2020.11.05-11.11.43:180][  0]LogConfig: Setting CVar [[r.LightShaftQuality:1]]
[2020.11.05-11.11.43:180][  0]LogConfig: Setting CVar [[r.Filter.SizeScale:1]]
[2020.11.05-11.11.43:180][  0]LogConfig: Setting CVar [[r.Tonemapper.Quality:5]]
[2020.11.05-11.11.43:180][  0]LogConfig: Setting CVar [[r.DOF.Gather.AccumulatorQuality:1        ; higher gathering accumulator quality]]
[2020.11.05-11.11.43:180][  0]LogConfig: Setting CVar [[r.DOF.Gather.PostfilterMethod:1          ; Median3x3 postfilering method]]
[2020.11.05-11.11.43:180][  0]LogConfig: Setting CVar [[r.DOF.Gather.EnableBokehSettings:0       ; no bokeh simulation when gathering]]
[2020.11.05-11.11.43:180][  0]LogConfig: Setting CVar [[r.DOF.Gather.RingCount:4                 ; medium number of samples when gathering]]
[2020.11.05-11.11.43:180][  0]LogConfig: Setting CVar [[r.DOF.Scatter.ForegroundCompositing:1    ; additive foreground scattering]]
[2020.11.05-11.11.43:180][  0]LogConfig: Setting CVar [[r.DOF.Scatter.BackgroundCompositing:2    ; additive background scattering]]
[2020.11.05-11.11.43:180][  0]LogConfig: Setting CVar [[r.DOF.Scatter.EnableBokehSettings:1      ; bokeh simulation when scattering]]
[2020.11.05-11.11.43:180][  0]LogConfig: Setting CVar [[r.DOF.Scatter.MaxSpriteRatio:0.1         ; only a maximum of 10% of scattered bokeh]]
[2020.11.05-11.11.43:180][  0]LogConfig: Setting CVar [[r.DOF.Recombine.Quality:1                ; cheap slight out of focus]]
[2020.11.05-11.11.43:181][  0]LogConfig: Setting CVar [[r.DOF.Recombine.EnableBokehSettings:0    ; no bokeh simulation on slight out of focus]]
[2020.11.05-11.11.43:181][  0]LogConfig: Setting CVar [[r.DOF.TemporalAAQuality:1                ; more stable temporal accumulation]]
[2020.11.05-11.11.43:181][  0]LogConfig: Setting CVar [[r.DOF.Kernel.MaxForegroundRadius:0.025]]
[2020.11.05-11.11.43:181][  0]LogConfig: Setting CVar [[r.DOF.Kernel.MaxBackgroundRadius:0.025]]
[2020.11.05-11.11.43:181][  0]LogConfig: Applying CVar settings from Section [TextureQuality@3] File [F:/_GITHUB/Git_SpaceRimCleaner/SpaceRimCleaner/Saved/Config/Windows/Scalability.ini]
[2020.11.05-11.11.43:181][  0]LogConfig: Setting CVar [[r.Streaming.MipBias:0]]
[2020.11.05-11.11.43:181][  0]LogConfig: Setting CVar [[r.Streaming.AmortizeCPUToGPUCopy:0]]
[2020.11.05-11.11.43:181][  0]LogConfig: Setting CVar [[r.Streaming.MaxNumTexturesToStreamPerFrame:0]]
[2020.11.05-11.11.43:181][  0]LogConfig: Setting CVar [[r.Streaming.Boost:1]]
[2020.11.05-11.11.43:181][  0]LogConfig: Setting CVar [[r.MaxAnisotropy:8]]
[2020.11.05-11.11.43:181][  0]LogConfig: Setting CVar [[r.VT.MaxAnisotropy:8]]
[2020.11.05-11.11.43:181][  0]LogConfig: Setting CVar [[r.Streaming.LimitPoolSizeToVRAM:0]]
[2020.11.05-11.11.43:181][  0]LogConfig: Setting CVar [[r.Streaming.PoolSize:1000]]
[2020.11.05-11.11.43:181][  0]LogConfig: Setting CVar [[r.Streaming.MaxEffectiveScreenSize:0]]
[2020.11.05-11.11.43:181][  0]LogConfig: Applying CVar settings from Section [EffectsQuality@3] File [F:/_GITHUB/Git_SpaceRimCleaner/SpaceRimCleaner/Saved/Config/Windows/Scalability.ini]
[2020.11.05-11.11.43:181][  0]LogConfig: Setting CVar [[r.TranslucencyLightingVolumeDim:64]]
[2020.11.05-11.11.43:181][  0]LogConfig: Setting CVar [[r.RefractionQuality:2]]
[2020.11.05-11.11.43:181][  0]LogConfig: Setting CVar [[r.SSR.Quality:3]]
[2020.11.05-11.11.43:181][  0]LogConfig: Setting CVar [[r.SSR.HalfResSceneColor:0]]
[2020.11.05-11.11.43:181][  0]LogConfig: Setting CVar [[r.SceneColorFormat:4]]
[2020.11.05-11.11.43:181][  0]LogConfig: Setting CVar [[r.DetailMode:2]]
[2020.11.05-11.11.43:181][  0]LogConfig: Setting CVar [[r.TranslucencyVolumeBlur:1]]
[2020.11.05-11.11.43:181][  0]LogConfig: Setting CVar [[r.MaterialQualityLevel:1 ; High quality]]
[2020.11.05-11.11.43:181][  0]LogConfig: Setting CVar [[r.SSS.Scale:1]]
[2020.11.05-11.11.43:181][  0]LogConfig: Setting CVar [[r.SSS.SampleSet:2]]
[2020.11.05-11.11.43:181][  0]LogConfig: Setting CVar [[r.SSS.Quality:1]]
[2020.11.05-11.11.43:181][  0]LogConfig: Setting CVar [[r.SSS.HalfRes:0]]
[2020.11.05-11.11.43:181][  0]LogConfig: Setting CVar [[r.SSGI.Quality:3]]
[2020.11.05-11.11.43:181][  0]LogConfig: Setting CVar [[r.EmitterSpawnRateScale:1.0]]
[2020.11.05-11.11.43:181][  0]LogConfig: Setting CVar [[r.ParticleLightQuality:2]]
[2020.11.05-11.11.43:181][  0]LogConfig: Setting CVar [[r.SkyAtmosphere.AerialPerspectiveLUT.FastApplyOnOpaque:1 ; Always have FastSkyLUT 1 in this case to avoid wrong sky]]
[2020.11.05-11.11.43:181][  0]LogConfig: Setting CVar [[r.SkyAtmosphere.AerialPerspectiveLUT.SampleCountPerSlice:1]]
[2020.11.05-11.11.43:181][  0]LogConfig: Setting CVar [[r.SkyAtmosphere.AerialPerspectiveLUT.DepthResolution:16.0]]
[2020.11.05-11.11.43:181][  0]LogConfig: Setting CVar [[r.SkyAtmosphere.FastSkyLUT:1]]
[2020.11.05-11.11.43:181][  0]LogConfig: Setting CVar [[r.SkyAtmosphere.FastSkyLUT.SampleCountMin:4.0]]
[2020.11.05-11.11.43:181][  0]LogConfig: Setting CVar [[r.SkyAtmosphere.FastSkyLUT.SampleCountMax:32.0]]
[2020.11.05-11.11.43:181][  0]LogConfig: Setting CVar [[r.SkyAtmosphere.SampleCountMin:4.0]]
[2020.11.05-11.11.43:181][  0]LogConfig: Setting CVar [[r.SkyAtmosphere.SampleCountMax:32.0]]
[2020.11.05-11.11.43:181][  0]LogConfig: Setting CVar [[r.SkyAtmosphere.TransmittanceLUT.UseSmallFormat:0]]
[2020.11.05-11.11.43:181][  0]LogConfig: Setting CVar [[r.SkyAtmosphere.TransmittanceLUT.SampleCount:10.0]]
[2020.11.05-11.11.43:181][  0]LogConfig: Setting CVar [[r.SkyAtmosphere.MultiScatteringLUT.SampleCount:15.0]]
[2020.11.05-11.11.43:181][  0]LogConfig: Applying CVar settings from Section [FoliageQuality@3] File [F:/_GITHUB/Git_SpaceRimCleaner/SpaceRimCleaner/Saved/Config/Windows/Scalability.ini]
[2020.11.05-11.11.43:181][  0]LogConfig: Setting CVar [[foliage.DensityScale:1.0]]
[2020.11.05-11.11.43:181][  0]LogConfig: Setting CVar [[grass.DensityScale:1.0]]
[2020.11.05-11.11.43:181][  0]LogConfig: Applying CVar settings from Section [ShadingQuality@3] File [F:/_GITHUB/Git_SpaceRimCleaner/SpaceRimCleaner/Saved/Config/Windows/Scalability.ini]
[2020.11.05-11.11.43:181][  0]LogConfig: Setting CVar [[r.HairStrands.SkyLighting.SampleCount:16]]
[2020.11.05-11.11.43:181][  0]LogConfig: Setting CVar [[r.HairStrands.SkyLighting.JitterIntegration:0]]
[2020.11.05-11.11.43:181][  0]LogConfig: Setting CVar [[r.HairStrands.SkyAO.SampleCount:16]]
[2020.11.05-11.11.43:181][  0]LogConfig: Setting CVar [[r.HairStrands.DeepShadow.SuperSampling:0]]
[2020.11.05-11.11.43:181][  0]LogConfig: Setting CVar [[r.HairStrands.VisibilityPPLL:0]]
[2020.11.05-11.11.43:181][  0]LogConfig: Setting CVar [[r.HairStrands.RasterizationScale:0.5]]
[2020.11.05-11.11.43:181][  0]LogConfig: Setting CVar [[r.HairStrands.VelocityRasterizationScale:1]]
[2020.11.05-11.11.43:181][  0]LogInit: Selected Device Profile: [Windows]
[2020.11.05-11.11.43:181][  0]LogInit: Applying CVar settings loaded from the selected device profile: [Windows]
[2020.11.05-11.11.43:181][  0]LogHAL: Display: Platform has ~ 16 GB [17048170496 / 17179869184 / 16], which maps to Larger [LargestMinGB=32, LargerMinGB=12, DefaultMinGB=8, SmallerMinGB=6, SmallestMinGB=0)
[2020.11.05-11.11.43:181][  0]LogInit: Going up to parent DeviceProfile []
[2020.11.05-11.11.43:181][  0]LogConfig: Applying CVar settings from Section [ViewDistanceQuality@3] File [F:/_GITHUB/Git_SpaceRimCleaner/SpaceRimCleaner/Saved/Config/Windows/Scalability.ini]
[2020.11.05-11.11.43:181][  0]LogConfig: Setting CVar [[r.SkeletalMeshLODBias:0]]
[2020.11.05-11.11.43:181][  0]LogConfig: Setting CVar [[r.ViewDistanceScale:1.0]]
[2020.11.05-11.11.43:181][  0]LogConfig: Applying CVar settings from Section [AntiAliasingQuality@3] File [F:/_GITHUB/Git_SpaceRimCleaner/SpaceRimCleaner/Saved/Config/Windows/Scalability.ini]
[2020.11.05-11.11.43:181][  0]LogConfig: Setting CVar [[r.PostProcessAAQuality:4]]
[2020.11.05-11.11.43:181][  0]LogConfig: Applying CVar settings from Section [ShadowQuality@3] File [F:/_GITHUB/Git_SpaceRimCleaner/SpaceRimCleaner/Saved/Config/Windows/Scalability.ini]
[2020.11.05-11.11.43:181][  0]LogConfig: Setting CVar [[r.LightFunctionQuality:1]]
[2020.11.05-11.11.43:181][  0]LogConfig: Setting CVar [[r.ShadowQuality:5]]
[2020.11.05-11.11.43:181][  0]LogConfig: Setting CVar [[r.Shadow.CSM.MaxCascades:10]]
[2020.11.05-11.11.43:181][  0]LogConfig: Setting CVar [[r.Shadow.MaxResolution:2048]]
[2020.11.05-11.11.43:181][  0]LogConfig: Setting CVar [[r.Shadow.MaxCSMResolution:2048]]
[2020.11.05-11.11.43:181][  0]LogConfig: Setting CVar [[r.Shadow.RadiusThreshold:0.01]]
[2020.11.05-11.11.43:181][  0]LogConfig: Setting CVar [[r.Shadow.DistanceScale:1.0]]
[2020.11.05-11.11.43:181][  0]LogConfig: Setting CVar [[r.Shadow.CSM.TransitionScale:1.0]]
[2020.11.05-11.11.43:181][  0]LogConfig: Setting CVar [[r.Shadow.PreShadowResolutionFactor:1.0]]
[2020.11.05-11.11.43:181][  0]LogConfig: Setting CVar [[r.DistanceFieldShadowing:1]]
[2020.11.05-11.11.43:182][  0]LogConfig: Setting CVar [[r.DistanceFieldAO:1]]
[2020.11.05-11.11.43:182][  0]LogConfig: Setting CVar [[r.AOQuality:2]]
[2020.11.05-11.11.43:182][  0]LogConfig: Setting CVar [[r.VolumetricFog:1]]
[2020.11.05-11.11.43:182][  0]LogConfig: Setting CVar [[r.VolumetricFog.GridPixelSize:8]]
[2020.11.05-11.11.43:182][  0]LogConfig: Setting CVar [[r.VolumetricFog.GridSizeZ:128]]
[2020.11.05-11.11.43:182][  0]LogConfig: Setting CVar [[r.VolumetricFog.HistoryMissSupersampleCount:4]]
[2020.11.05-11.11.43:182][  0]LogConfig: Setting CVar [[r.LightMaxDrawDistanceScale:1]]
[2020.11.05-11.11.43:182][  0]LogConfig: Setting CVar [[r.CapsuleShadows:1]]
[2020.11.05-11.11.43:182][  0]LogConfig: Applying CVar settings from Section [PostProcessQuality@3] File [F:/_GITHUB/Git_SpaceRimCleaner/SpaceRimCleaner/Saved/Config/Windows/Scalability.ini]
[2020.11.05-11.11.43:182][  0]LogConfig: Setting CVar [[r.MotionBlurQuality:4]]
[2020.11.05-11.11.43:182][  0]LogConfig: Setting CVar [[r.AmbientOcclusionMipLevelFactor:0.4]]
[2020.11.05-11.11.43:182][  0]LogConfig: Setting CVar [[r.AmbientOcclusionMaxQuality:100]]
[2020.11.05-11.11.43:182][  0]LogConfig: Setting CVar [[r.AmbientOcclusionLevels:-1]]
[2020.11.05-11.11.43:182][  0]LogConfig: Setting CVar [[r.AmbientOcclusionRadiusScale:1.0]]
[2020.11.05-11.11.43:182][  0]LogConfig: Setting CVar [[r.DepthOfFieldQuality:2]]
[2020.11.05-11.11.43:182][  0]LogConfig: Setting CVar [[r.RenderTargetPoolMin:400]]
[2020.11.05-11.11.43:182][  0]LogConfig: Setting CVar [[r.LensFlareQuality:2]]
[2020.11.05-11.11.43:182][  0]LogConfig: Setting CVar [[r.SceneColorFringeQuality:1]]
[2020.11.05-11.11.43:182][  0]LogConfig: Setting CVar [[r.EyeAdaptationQuality:2]]
[2020.11.05-11.11.43:182][  0]LogConfig: Setting CVar [[r.BloomQuality:5]]
[2020.11.05-11.11.43:182][  0]LogConfig: Setting CVar [[r.FastBlurThreshold:100]]
[2020.11.05-11.11.43:182][  0]LogConfig: Setting CVar [[r.Upscale.Quality:3]]
[2020.11.05-11.11.43:182][  0]LogConfig: Setting CVar [[r.Tonemapper.GrainQuantization:1]]
[2020.11.05-11.11.43:182][  0]LogConfig: Setting CVar [[r.LightShaftQuality:1]]
[2020.11.05-11.11.43:182][  0]LogConfig: Setting CVar [[r.Filter.SizeScale:1]]
[2020.11.05-11.11.43:182][  0]LogConfig: Setting CVar [[r.Tonemapper.Quality:5]]
[2020.11.05-11.11.43:182][  0]LogConfig: Setting CVar [[r.DOF.Gather.AccumulatorQuality:1        ; higher gathering accumulator quality]]
[2020.11.05-11.11.43:182][  0]LogConfig: Setting CVar [[r.DOF.Gather.PostfilterMethod:1          ; Median3x3 postfilering method]]
[2020.11.05-11.11.43:182][  0]LogConfig: Setting CVar [[r.DOF.Gather.EnableBokehSettings:0       ; no bokeh simulation when gathering]]
[2020.11.05-11.11.43:182][  0]LogConfig: Setting CVar [[r.DOF.Gather.RingCount:4                 ; medium number of samples when gathering]]
[2020.11.05-11.11.43:182][  0]LogConfig: Setting CVar [[r.DOF.Scatter.ForegroundCompositing:1    ; additive foreground scattering]]
[2020.11.05-11.11.43:182][  0]LogConfig: Setting CVar [[r.DOF.Scatter.BackgroundCompositing:2    ; additive background scattering]]
[2020.11.05-11.11.43:182][  0]LogConfig: Setting CVar [[r.DOF.Scatter.EnableBokehSettings:1      ; bokeh simulation when scattering]]
[2020.11.05-11.11.43:182][  0]LogConfig: Setting CVar [[r.DOF.Scatter.MaxSpriteRatio:0.1         ; only a maximum of 10% of scattered bokeh]]
[2020.11.05-11.11.43:182][  0]LogConfig: Setting CVar [[r.DOF.Recombine.Quality:1                ; cheap slight out of focus]]
[2020.11.05-11.11.43:182][  0]LogConfig: Setting CVar [[r.DOF.Recombine.EnableBokehSettings:0    ; no bokeh simulation on slight out of focus]]
[2020.11.05-11.11.43:182][  0]LogConfig: Setting CVar [[r.DOF.TemporalAAQuality:1                ; more stable temporal accumulation]]
[2020.11.05-11.11.43:182][  0]LogConfig: Setting CVar [[r.DOF.Kernel.MaxForegroundRadius:0.025]]
[2020.11.05-11.11.43:182][  0]LogConfig: Setting CVar [[r.DOF.Kernel.MaxBackgroundRadius:0.025]]
[2020.11.05-11.11.43:182][  0]LogConfig: Applying CVar settings from Section [TextureQuality@3] File [F:/_GITHUB/Git_SpaceRimCleaner/SpaceRimCleaner/Saved/Config/Windows/Scalability.ini]
[2020.11.05-11.11.43:182][  0]LogConfig: Setting CVar [[r.Streaming.MipBias:0]]
[2020.11.05-11.11.43:182][  0]LogConfig: Setting CVar [[r.Streaming.AmortizeCPUToGPUCopy:0]]
[2020.11.05-11.11.43:182][  0]LogConfig: Setting CVar [[r.Streaming.MaxNumTexturesToStreamPerFrame:0]]
[2020.11.05-11.11.43:182][  0]LogConfig: Setting CVar [[r.Streaming.Boost:1]]
[2020.11.05-11.11.43:182][  0]LogConfig: Setting CVar [[r.MaxAnisotropy:8]]
[2020.11.05-11.11.43:182][  0]LogConfig: Setting CVar [[r.VT.MaxAnisotropy:8]]
[2020.11.05-11.11.43:182][  0]LogConfig: Setting CVar [[r.Streaming.LimitPoolSizeToVRAM:0]]
[2020.11.05-11.11.43:182][  0]LogConfig: Setting CVar [[r.Streaming.PoolSize:1000]]
[2020.11.05-11.11.43:182][  0]LogConfig: Setting CVar [[r.Streaming.MaxEffectiveScreenSize:0]]
[2020.11.05-11.11.43:182][  0]LogConfig: Applying CVar settings from Section [EffectsQuality@3] File [F:/_GITHUB/Git_SpaceRimCleaner/SpaceRimCleaner/Saved/Config/Windows/Scalability.ini]
[2020.11.05-11.11.43:182][  0]LogConfig: Setting CVar [[r.TranslucencyLightingVolumeDim:64]]
[2020.11.05-11.11.43:182][  0]LogConfig: Setting CVar [[r.RefractionQuality:2]]
[2020.11.05-11.11.43:182][  0]LogConfig: Setting CVar [[r.SSR.Quality:3]]
[2020.11.05-11.11.43:182][  0]LogConfig: Setting CVar [[r.SSR.HalfResSceneColor:0]]
[2020.11.05-11.11.43:182][  0]LogConfig: Setting CVar [[r.SceneColorFormat:4]]
[2020.11.05-11.11.43:182][  0]LogConfig: Setting CVar [[r.DetailMode:2]]
[2020.11.05-11.11.43:182][  0]LogConfig: Setting CVar [[r.TranslucencyVolumeBlur:1]]
[2020.11.05-11.11.43:182][  0]LogConfig: Setting CVar [[r.MaterialQualityLevel:1 ; High quality]]
[2020.11.05-11.11.43:182][  0]LogConfig: Setting CVar [[r.SSS.Scale:1]]
[2020.11.05-11.11.43:182][  0]LogConfig: Setting CVar [[r.SSS.SampleSet:2]]
[2020.11.05-11.11.43:182][  0]LogConfig: Setting CVar [[r.SSS.Quality:1]]
[2020.11.05-11.11.43:182][  0]LogConfig: Setting CVar [[r.SSS.HalfRes:0]]
[2020.11.05-11.11.43:182][  0]LogConfig: Setting CVar [[r.SSGI.Quality:3]]
[2020.11.05-11.11.43:182][  0]LogConfig: Setting CVar [[r.EmitterSpawnRateScale:1.0]]
[2020.11.05-11.11.43:182][  0]LogConfig: Setting CVar [[r.ParticleLightQuality:2]]
[2020.11.05-11.11.43:182][  0]LogConfig: Setting CVar [[r.SkyAtmosphere.AerialPerspectiveLUT.FastApplyOnOpaque:1 ; Always have FastSkyLUT 1 in this case to avoid wrong sky]]
[2020.11.05-11.11.43:182][  0]LogConfig: Setting CVar [[r.SkyAtmosphere.AerialPerspectiveLUT.SampleCountPerSlice:1]]
[2020.11.05-11.11.43:182][  0]LogConfig: Setting CVar [[r.SkyAtmosphere.AerialPerspectiveLUT.DepthResolution:16.0]]
[2020.11.05-11.11.43:182][  0]LogConfig: Setting CVar [[r.SkyAtmosphere.FastSkyLUT:1]]
[2020.11.05-11.11.43:182][  0]LogConfig: Setting CVar [[r.SkyAtmosphere.FastSkyLUT.SampleCountMin:4.0]]
[2020.11.05-11.11.43:182][  0]LogConfig: Setting CVar [[r.SkyAtmosphere.FastSkyLUT.SampleCountMax:32.0]]
[2020.11.05-11.11.43:182][  0]LogConfig: Setting CVar [[r.SkyAtmosphere.SampleCountMin:4.0]]
[2020.11.05-11.11.43:182][  0]LogConfig: Setting CVar [[r.SkyAtmosphere.SampleCountMax:32.0]]
[2020.11.05-11.11.43:182][  0]LogConfig: Setting CVar [[r.SkyAtmosphere.TransmittanceLUT.UseSmallFormat:0]]
[2020.11.05-11.11.43:182][  0]LogConfig: Setting CVar [[r.SkyAtmosphere.TransmittanceLUT.SampleCount:10.0]]
[2020.11.05-11.11.43:182][  0]LogConfig: Setting CVar [[r.SkyAtmosphere.MultiScatteringLUT.SampleCount:15.0]]
[2020.11.05-11.11.43:182][  0]LogConfig: Applying CVar settings from Section [FoliageQuality@3] File [F:/_GITHUB/Git_SpaceRimCleaner/SpaceRimCleaner/Saved/Config/Windows/Scalability.ini]
[2020.11.05-11.11.43:182][  0]LogConfig: Setting CVar [[foliage.DensityScale:1.0]]
[2020.11.05-11.11.43:182][  0]LogConfig: Setting CVar [[grass.DensityScale:1.0]]
[2020.11.05-11.11.43:182][  0]LogConfig: Applying CVar settings from Section [ShadingQuality@3] File [F:/_GITHUB/Git_SpaceRimCleaner/SpaceRimCleaner/Saved/Config/Windows/Scalability.ini]
[2020.11.05-11.11.43:183][  0]LogConfig: Setting CVar [[r.HairStrands.SkyLighting.SampleCount:16]]
[2020.11.05-11.11.43:183][  0]LogConfig: Setting CVar [[r.HairStrands.SkyLighting.JitterIntegration:0]]
[2020.11.05-11.11.43:183][  0]LogConfig: Setting CVar [[r.HairStrands.SkyAO.SampleCount:16]]
[2020.11.05-11.11.43:183][  0]LogConfig: Setting CVar [[r.HairStrands.DeepShadow.SuperSampling:0]]
[2020.11.05-11.11.43:183][  0]LogConfig: Setting CVar [[r.HairStrands.VisibilityPPLL:0]]
[2020.11.05-11.11.43:183][  0]LogConfig: Setting CVar [[r.HairStrands.RasterizationScale:0.5]]
[2020.11.05-11.11.43:183][  0]LogConfig: Setting CVar [[r.HairStrands.VelocityRasterizationScale:1]]
[2020.11.05-11.11.43:183][  0]LogConfig: Applying CVar settings from Section [Startup] File [../../../Engine/Config/ConsoleVariables.ini]
[2020.11.05-11.11.43:183][  0]LogConfig: Setting CVar [[net.UseAdaptiveNetUpdateFrequency:0]]
[2020.11.05-11.11.43:183][  0]LogConfig: Setting CVar [[p.chaos.AllowCreatePhysxBodies:1]]
[2020.11.05-11.11.43:183][  0]LogConfig: Setting CVar [[fx.SkipVectorVMBackendOptimizations:1]]
[2020.11.05-11.11.43:183][  0]LogConfig: Applying CVar settings from Section [ConsoleVariables] File [F:/_GITHUB/Git_SpaceRimCleaner/SpaceRimCleaner/Saved/Config/Windows/Engine.ini]
[2020.11.05-11.11.43:183][  0]LogInit: Computer: DESKTOP-VH9S253
[2020.11.05-11.11.43:183][  0]LogInit: User: maltiranis
[2020.11.05-11.11.43:183][  0]LogInit: CPU Page size=4096, Cores=4
[2020.11.05-11.11.43:183][  0]LogInit: High frequency timer resolution =10.000000 MHz
[2020.11.05-11.11.43:183][  0]LogMemory: Memory total: Physical=15.9GB (16GB approx)
[2020.11.05-11.11.43:183][  0]LogMemory: Platform Memory Stats for Windows
[2020.11.05-11.11.43:183][  0]LogMemory: Process Physical Memory: 136.24 MB used, 136.25 MB peak
[2020.11.05-11.11.43:183][  0]LogMemory: Process Virtual Memory: 96.11 MB used, 96.11 MB peak
[2020.11.05-11.11.43:183][  0]LogMemory: Physical Memory: 7893.96 MB used,  8364.44 MB free, 16258.40 MB total
[2020.11.05-11.11.43:183][  0]LogMemory: Virtual Memory: 5144.84 MB used,  134212584.00 MB free, 134217728.00 MB total
[2020.11.05-11.11.43:190][  0]LogWindows: WindowsPlatformFeatures enabled
[2020.11.05-11.11.43:246][  0]LogInit: Physics initialised using underlying interface: PhysX
[2020.11.05-11.11.43:247][  0]LogInit: Using OS detected language (fr-FR).
[2020.11.05-11.11.43:248][  0]LogInit: Using OS detected locale (fr-FR).
[2020.11.05-11.11.43:255][  0]LogTextLocalizationManager: No specific localization for 'fr-FR' exists, so the 'fr' localization will be used.
[2020.11.05-11.11.43:255][  0]LogTextLocalizationResource: LocRes '../../../Engine/Content/Localization/Editor/fr/Editor.locres' could not be opened for reading!
[2020.11.05-11.11.43:256][  0]LogTextLocalizationResource: LocRes '../../../Engine/Content/Localization/EditorTutorials/fr/EditorTutorials.locres' could not be opened for reading!
[2020.11.05-11.11.43:256][  0]LogTextLocalizationResource: LocRes '../../../Engine/Content/Localization/Keywords/fr/Keywords.locres' could not be opened for reading!
[2020.11.05-11.11.43:256][  0]LogTextLocalizationResource: LocRes '../../../Engine/Content/Localization/Category/fr/Category.locres' could not be opened for reading!
[2020.11.05-11.11.43:256][  0]LogTextLocalizationResource: LocRes '../../../Engine/Content/Localization/ToolTips/fr/ToolTips.locres' could not be opened for reading!
[2020.11.05-11.11.43:257][  0]LogTextLocalizationResource: LocRes '../../../Engine/Content/Localization/PropertyNames/fr/PropertyNames.locres' could not be opened for reading!
[2020.11.05-11.11.43:257][  0]LogTextLocalizationResource: LocRes '../../../Engine/Content/Localization/Engine/fr/Engine.locres' could not be opened for reading!
[2020.11.05-11.11.43:258][  0]LogInit: Setting process to per monitor DPI aware
[2020.11.05-11.11.43:293][  0]LogSlate: New Slate User Created.  User Index 0, Is Virtual User: 0
[2020.11.05-11.11.43:293][  0]LogSlate: Slate User Registered.  User Index 0, Is Virtual User: 0
[2020.11.05-11.11.43:512][  0]LogHMD: Failed to initialize OpenVR with code 110
[2020.11.05-11.11.43:512][  0]LogD3D11RHI: D3D11 min allowed feature level: 11_0
[2020.11.05-11.11.43:512][  0]LogD3D11RHI: D3D11 max allowed feature level: 11_0
[2020.11.05-11.11.43:512][  0]LogD3D11RHI: D3D11 adapters:
[2020.11.05-11.11.43:596][  0]LogD3D11RHI:    0. 'NVIDIA GeForce GTX 1080' (Feature Level 11_0)
[2020.11.05-11.11.43:596][  0]LogD3D11RHI:       8079/0/8129 MB DedicatedVideo/DedicatedSystem/SharedSystem, Outputs:2, VendorId:0x10de
[2020.11.05-11.11.43:627][  0]LogD3D11RHI:    1. 'Intel(R) HD Graphics 530' (Feature Level 11_0)
[2020.11.05-11.11.43:627][  0]LogD3D11RHI:       128/0/8129 MB DedicatedVideo/DedicatedSystem/SharedSystem, Outputs:0, VendorId:0x8086
[2020.11.05-11.11.43:630][  0]LogD3D11RHI:    2. 'Microsoft Basic Render Driver' (Feature Level 11_0)
[2020.11.05-11.11.43:630][  0]LogD3D11RHI:       0/0/8129 MB DedicatedVideo/DedicatedSystem/SharedSystem, Outputs:0, VendorId:0x1414
[2020.11.05-11.11.43:630][  0]LogD3D11RHI: Chosen D3D11 Adapter: 0
[2020.11.05-11.11.43:637][  0]LogD3D11RHI: Creating new Direct3DDevice
[2020.11.05-11.11.43:637][  0]LogD3D11RHI:     GPU DeviceId: 0x1b80 (for the marketing name, search the web for "GPU Device Id")
[2020.11.05-11.11.43:637][  0]LogWindows: EnumDisplayDevices:
[2020.11.05-11.11.43:637][  0]LogWindows:    0. 'NVIDIA GeForce GTX 1080' (P:1 D:1)
[2020.11.05-11.11.43:637][  0]LogWindows:    1. 'NVIDIA GeForce GTX 1080' (P:0 D:1)
[2020.11.05-11.11.43:637][  0]LogWindows:    2. 'NVIDIA GeForce GTX 1080' (P:0 D:0)
[2020.11.05-11.11.43:638][  0]LogWindows:    3. 'NVIDIA GeForce GTX 1080' (P:0 D:0)
[2020.11.05-11.11.43:638][  0]LogWindows:    4. 'Intel(R) HD Graphics 530' (P:0 D:0)
[2020.11.05-11.11.43:638][  0]LogWindows:    5. 'Intel(R) HD Graphics 530' (P:0 D:0)
[2020.11.05-11.11.43:638][  0]LogWindows:    6. 'Intel(R) HD Graphics 530' (P:0 D:0)
[2020.11.05-11.11.43:638][  0]LogWindows: DebugString: PrimaryIsNotTheChoosenAdapter PrimaryIsNotTheChoosenAdapter PrimaryIsNotTheChoosenAdapter FoundDriverCount:4 
[2020.11.05-11.11.43:638][  0]LogD3D11RHI:     Adapter Name: NVIDIA GeForce GTX 1080
[2020.11.05-11.11.43:638][  0]LogD3D11RHI:   Driver Version: 457.09 (internal:27.21.14.5709, unified:457.09)
[2020.11.05-11.11.43:638][  0]LogD3D11RHI:      Driver Date: 10-22-2020
[2020.11.05-11.11.43:638][  0]LogRHI: Texture pool is 5655 MB (70% of 8079 MB)
[2020.11.05-11.11.43:697][  0]LogD3D11RHI: RHI has support for 64 bit atomics
[2020.11.05-11.11.43:697][  0]LogD3D11RHI: Async texture creation enabled
[2020.11.05-11.11.43:697][  0]LogD3D11RHI: Array index from any shader is supported
[2020.11.05-11.11.43:714][  0]LogD3D11RHI: GPU Timing Frequency: 1000.000000 (Debug: 2 1)
[2020.11.05-11.11.44:035][  0]LogTargetPlatformManager: Display: Loaded TargetPlatform 'AllDesktop'
[2020.11.05-11.11.44:059][  0]LogTargetPlatformManager: Display: Loaded TargetPlatform 'Android'
[2020.11.05-11.11.44:059][  0]LogTargetPlatformManager: Display: Loaded TargetPlatform 'Android_ASTC'
[2020.11.05-11.11.44:059][  0]LogTargetPlatformManager: Display: Loaded TargetPlatform 'Android_DXT'
[2020.11.05-11.11.44:059][  0]LogTargetPlatformManager: Display: Loaded TargetPlatform 'Android_ETC2'
[2020.11.05-11.11.44:059][  0]LogTargetPlatformManager: Display: Loaded TargetPlatform 'AndroidClient'
[2020.11.05-11.11.44:059][  0]LogTargetPlatformManager: Display: Loaded TargetPlatform 'Android_ASTCClient'
[2020.11.05-11.11.44:059][  0]LogTargetPlatformManager: Display: Loaded TargetPlatform 'Android_DXTClient'
[2020.11.05-11.11.44:059][  0]LogTargetPlatformManager: Display: Loaded TargetPlatform 'Android_ETC2Client'
[2020.11.05-11.11.44:059][  0]LogTargetPlatformManager: Display: Loaded TargetPlatform 'Android_Multi'
[2020.11.05-11.11.44:059][  0]LogTargetPlatformManager: Display: Loaded TargetPlatform 'Android_MultiClient'
[2020.11.05-11.11.44:082][  0]LogTargetPlatformManager: Display: Loaded TargetPlatform 'IOSClient'
[2020.11.05-11.11.44:082][  0]LogTargetPlatformManager: Display: Loaded TargetPlatform 'IOS'
[2020.11.05-11.11.44:096][  0]LogTargetPlatformManager: Display: Loaded TargetPlatform 'Linux'
[2020.11.05-11.11.44:104][  0]LogTargetPlatformManager: Display: Loaded TargetPlatform 'LinuxNoEditor'
[2020.11.05-11.11.44:114][  0]LogTargetPlatformManager: Display: Loaded TargetPlatform 'LinuxClient'
[2020.11.05-11.11.44:123][  0]LogTargetPlatformManager: Display: Loaded TargetPlatform 'LinuxServer'
[2020.11.05-11.11.44:133][  0]LogTargetPlatformManager: Display: Loaded TargetPlatform 'LinuxAArch64NoEditor'
[2020.11.05-11.11.44:142][  0]LogTargetPlatformManager: Display: Loaded TargetPlatform 'LinuxAArch64Client'
[2020.11.05-11.11.44:151][  0]LogTargetPlatformManager: Display: Loaded TargetPlatform 'LinuxAArch64Server'
[2020.11.05-11.11.44:180][  0]LogTargetPlatformManager: Display: Loaded TargetPlatform 'Lumin'
[2020.11.05-11.11.44:180][  0]LogTargetPlatformManager: Display: Loaded TargetPlatform 'LuminClient'
[2020.11.05-11.11.44:196][  0]LogTargetPlatformManager: Display: Loaded TargetPlatform 'TVOSClient'
[2020.11.05-11.11.44:196][  0]LogTargetPlatformManager: Display: Loaded TargetPlatform 'TVOS'
[2020.11.05-11.11.44:205][  0]LogTargetPlatformManager: Display: Loaded TargetPlatform 'WindowsNoEditor'
[2020.11.05-11.11.44:214][  0]LogTargetPlatformManager: Display: Loaded TargetPlatform 'Windows'
[2020.11.05-11.11.44:224][  0]LogTargetPlatformManager: Display: Loaded TargetPlatform 'WindowsClient'
[2020.11.05-11.11.44:233][  0]LogTargetPlatformManager: Display: Loaded TargetPlatform 'WindowsServer'
[2020.11.05-11.11.44:234][  0]LogTargetPlatformManager: Display: Building Assets For Windows
[2020.11.05-11.11.44:242][  0]LogAudioDebug: Display: Lib vorbis DLL was dynamically loaded.
[2020.11.05-11.11.44:318][  0]LogShaderCompilers: Guid format shader working directory is 4 characters bigger than the processId version (F:/_GITHUB/Git_SpaceRimCleaner/SpaceRimCleaner/Intermediate/Shaders/WorkingDirectory/17856/).
[2020.11.05-11.11.44:318][  0]LogShaderCompilers: Cleaned the shader compiler working directory 'C:/Users/maltiranis/AppData/Local/Temp/UnrealShaderWorkingDir/8A8DACC04C92E0F1BF3BB0A3FD6F93E3/'.
[2020.11.05-11.11.44:319][  0]LogXGEController: Cleaning working directory: C:/Users/maltiranis/AppData/Local/Temp/UnrealXGEWorkingDir/
[2020.11.05-11.11.44:319][  0]LogXGEController: Cannot use XGE Controller as Incredibuild is not installed on this machine.
[2020.11.05-11.11.44:320][  0]LogShaderCompilers: Cannot use XGE Shader Compiler as Incredibuild is not installed on this machine.
[2020.11.05-11.11.44:320][  0]LogShaderCompilers: Display: Using Local Shader Compiler.
[2020.11.05-11.11.45:058][  0]LogDerivedDataCache: Display: Max Cache Size: 512 MB
[2020.11.05-11.11.45:111][  0]LogDerivedDataCache: Loaded boot cache 0.05s 76MB C:/Users/maltiranis/AppData/Local/UnrealEngine/4.25/DerivedDataCache/Boot.ddc.
[2020.11.05-11.11.45:111][  0]LogDerivedDataCache: Display: Loaded Boot cache: C:/Users/maltiranis/AppData/Local/UnrealEngine/4.25/DerivedDataCache/Boot.ddc
[2020.11.05-11.11.45:111][  0]LogDerivedDataCache: FDerivedDataBackendGraph:  Pak pak cache file F:/_GITHUB/Git_SpaceRimCleaner/SpaceRimCleaner/DerivedDataCache/DDC.ddp not found, will not use a pak cache.
[2020.11.05-11.11.45:111][  0]LogDerivedDataCache: Unable to find inner node Pak for hierarchical cache Hierarchy.
[2020.11.05-11.11.45:111][  0]LogDerivedDataCache: FDerivedDataBackendGraph:  CompressedPak pak cache file F:/_GITHUB/Git_SpaceRimCleaner/SpaceRimCleaner/DerivedDataCache/Compressed.ddp not found, will not use a pak cache.
[2020.11.05-11.11.45:111][  0]LogDerivedDataCache: Unable to find inner node CompressedPak for hierarchical cache Hierarchy.
[2020.11.05-11.11.45:121][  0]LogDerivedDataCache: Display: Pak cache opened for reading ../../../Engine/DerivedDataCache/Compressed.ddp.
[2020.11.05-11.11.45:122][  0]LogDerivedDataCache: FDerivedDataBackendGraph:  EnterprisePak pak cache file ../../../Enterprise/DerivedDataCache/Compressed.ddp not found, will not use a pak cache.
[2020.11.05-11.11.45:122][  0]LogDerivedDataCache: Unable to find inner node EnterprisePak for hierarchical cache Hierarchy.
[2020.11.05-11.11.45:123][  0]LogDerivedDataCache: Using Local data cache path C:/Users/maltiranis/AppData/Local/UnrealEngine/Common/DerivedDataCache: Writable
[2020.11.05-11.11.45:123][  0]LogDerivedDataCache: Shared data cache path not found in *engine.ini, will not use an Shared cache.
[2020.11.05-11.11.45:123][  0]LogDerivedDataCache: Unable to find inner node Shared for hierarchical cache Hierarchy.
[2020.11.05-11.11.45:177][  0]LogSlate: Using FreeType 2.10.0
[2020.11.05-11.11.45:177][  0]LogSlate: SlateFontServices - WITH_FREETYPE: 1, WITH_HARFBUZZ: 1
[2020.11.05-11.11.45:203][  0]LogAssetRegistry: FAssetRegistry took 0.0022 seconds to start up
[2020.11.05-11.11.45:447][  0]LogInit: Selected Device Profile: [Windows]
[2020.11.05-11.11.45:567][  0]LogMeshReduction: Using QuadricMeshReduction for automatic static mesh reduction
[2020.11.05-11.11.45:567][  0]LogMeshReduction: Using SimplygonMeshReduction for automatic skeletal mesh reduction
[2020.11.05-11.11.45:567][  0]LogMeshReduction: Using ProxyLODMeshReduction for automatic mesh merging
[2020.11.05-11.11.45:567][  0]LogMeshReduction: No distributed automatic mesh merging module available
[2020.11.05-11.11.45:567][  0]LogMeshMerging: No distributed automatic mesh merging module available
[2020.11.05-11.11.45:583][  0]LogNetVersion: SpaceRimCleaner 1.0.0, NetCL: 13144385, EngineNetVer: 14, GameNetVer: 0 (Checksum: 3487644844)
[2020.11.05-11.11.46:033][  0]LogAISub: UAISubsystem::UAISubsystem AISubsystem (0000016CC535E480), frame # 0
[2020.11.05-11.11.46:033][  0]LogAISub: UAISubsystem::UAISubsystem AIPerceptionSystem (0000016CC52F6AC0), frame # 0
[2020.11.05-11.11.46:034][  0]LogAISub: UAISubsystem::UAISubsystem EnvQueryManager (0000016CC5370A00), frame # 0
[2020.11.05-11.11.46:081][  0]LogPackageLocalizationCache: Processed 19 localized package path(s) for 1 prioritized culture(s) in 0.041130 seconds
[2020.11.05-11.11.46:086][  0]LogUObjectArray: 15917 objects as part of root set at end of initial load.
[2020.11.05-11.11.46:086][  0]LogUObjectAllocator: 3965568 out of 0 bytes used by permanent object pool.
[2020.11.05-11.11.46:086][  0]LogUObjectArray: CloseDisregardForGC: 0/0 objects in disregard for GC pool
[2020.11.05-11.11.46:453][  0]LogTcpMessaging: Initializing TcpMessaging bridge
[2020.11.05-11.11.46:458][  0]LogUdpMessaging: Initializing bridge on interface 0.0.0.0:0 to multicast group 230.0.0.1:6666.
[2020.11.05-11.11.46:554][  0]SourceControl: Source control is disabled
[2020.11.05-11.11.47:375][  0]LogAndroidPermission: UAndroidPermissionCallbackProxy::GetInstance
[2020.11.05-11.11.47:397][  0]LogAudioCaptureCore: Display: No Audio Capture implementations found. Audio input will be silent.
[2020.11.05-11.11.47:397][  0]LogAudioCaptureCore: Display: No Audio Capture implementations found. Audio input will be silent.
[2020.11.05-11.11.47:450][  0]LogOcInput: OculusInput pre-init called
[2020.11.05-11.11.47:467][  0]LogWindows: Failed to load 'OVRPlugin.dll' (GetLastError=126)
[2020.11.05-11.11.47:467][  0]LogWindows: File 'OVRPlugin.dll' does not exist
[2020.11.05-11.11.47:527][  0]LogEngine: Initializing Engine...
[2020.11.05-11.11.47:529][  0]LogHMD: Failed to initialize OpenVR with code 110
[2020.11.05-11.11.47:529][  0]LogMagicLeap: Warning: VR disabled because ZI is not enabled.  To enable, in the editor, Edit -> Project Settings -> Plugins -> Magic Leap Plugin -> Enable Zero Iteration
[2020.11.05-11.11.47:529][  0]LogStats: UGameplayTagsManager::InitializeManager -  0.000 s
[2020.11.05-11.11.47:646][  0]LogInit: Initializing FReadOnlyCVARCache
[2020.11.05-11.11.47:654][  0]LogAIModule: Creating AISystem for world Untitled
[2020.11.05-11.11.47:654][  0]LogAISub: UAISubsystem::UAISubsystem EnvQueryManager (0000016CC9C39C00), frame # 0
[2020.11.05-11.11.47:654][  0]LogAISub: UAISubsystem::UAISubsystem AIPerceptionSystem (0000016CC9C4AC00), frame # 0
[2020.11.05-11.11.47:674][  0]LogAudioMixer: Display: Audio Mixer Platform Settings:
[2020.11.05-11.11.47:674][  0]LogAudioMixer: Display: 	Sample Rate:						  48000
[2020.11.05-11.11.47:674][  0]LogAudioMixer: Display: 	Callback Buffer Frame Size Requested: 1024
[2020.11.05-11.11.47:674][  0]LogAudioMixer: Display: 	Callback Buffer Frame Size To Use:	  1024
[2020.11.05-11.11.47:674][  0]LogAudioMixer: Display: 	Number of buffers to queue:			  2
[2020.11.05-11.11.47:674][  0]LogAudioMixer: Display: 	Max Channels (voices):				  32
[2020.11.05-11.11.47:674][  0]LogAudioMixer: Display: 	Number of Async Source Workers:		  0
[2020.11.05-11.11.47:674][  0]LogAudio: Display: AudioDevice MaxSources: 32
[2020.11.05-11.11.47:675][  0]LogAudio: Display: Using built-in audio occlusion.
[2020.11.05-11.11.47:675][  0]LogAudioMixer: Display: Initializing audio mixer.
[2020.11.05-11.11.47:701][  0]LogAudioMixer: Display: 0: FrontLeft
[2020.11.05-11.11.47:701][  0]LogAudioMixer: Display: 1: FrontRight
[2020.11.05-11.11.47:745][  0]LogAudioMixer: Display: Using Audio Device Haut-parleurs (Realtek High Definition Audio)
[2020.11.05-11.11.47:747][  0]LogAudioMixer: Display: Initializing Sound Submixes...
[2020.11.05-11.11.47:750][  0]LogAudioMixer: Display: Creating Master Submix 'MasterSubmixDefault'
[2020.11.05-11.11.47:750][  0]LogAudioMixer: Display: Creating Master Submix 'MasterReverbSubmixDefault'
[2020.11.05-11.11.47:751][  0]LogAudioMixer: Display: Creating Master Submix 'MasterEQSubmixDefault'
[2020.11.05-11.11.47:752][  0]LogInit: FAudioDevice initialized.
[2020.11.05-11.11.47:752][  0]LogNetVersion: Set ProjectVersion to 1.0.0.0. Version Checksum will be recalculated on next use.
[2020.11.05-11.11.47:897][  0]LogDerivedDataCache: Saved boot cache 0.15s 76MB C:/Users/maltiranis/AppData/Local/UnrealEngine/4.25/DerivedDataCache/Boot.ddc.
[2020.11.05-11.11.47:902][  0]LogInit: Texture streaming: Enabled
[2020.11.05-11.11.47:918][  0]LogEngineSessionManager: EngineSessionManager initialized
[2020.11.05-11.11.47:918][  0]LogEditorSessionSummary: Verbose: Initializing EditorSessionSummaryWriter for editor session tracking
[2020.11.05-11.11.47:921][  0]LogEditorSessionSummary: EditorSessionSummaryWriter initialized
[2020.11.05-11.11.47:976][  0]LogInit: Transaction tracking system initialized
[2020.11.05-11.11.47:997][  0]BlueprintLog: New page: Editor Load
[2020.11.05-11.11.48:070][  0]LocalizationService: Localization service is disabled
[2020.11.05-11.11.48:245][  0]LogCook: Display: Max memory allowance for cook 16384mb min free memory 0mb
[2020.11.05-11.11.48:245][  0]LogCook: Display: Mobile HDR setting 1
[2020.11.05-11.11.48:253][  0]LogFileCache: Scanning file cache for directory 'F:/_GITHUB/Git_SpaceRimCleaner/SpaceRimCleaner/Content/' took 0.00s
[2020.11.05-11.11.48:621][  0]LogUnrealEdMisc: Loading editor; pre map load, took 8.050
[2020.11.05-11.11.48:621][  0]Cmd: MAP LOAD FILE="F:/_GITHUB/Git_SpaceRimCleaner/SpaceRimCleaner/Content/Maps/Level1.umap" TEMPLATE=0 SHOWPROGRESS=1 FEATURELEVEL=3
[2020.11.05-11.11.48:622][  0]LightingResults: New page: Lighting Build
[2020.11.05-11.11.48:623][  0]LogWorld: UWorld::CleanupWorld for Untitled, bSessionEnded=true, bCleanupResources=true
[2020.11.05-11.11.48:623][  0]LogSlate: InvalidateAllWidgets triggered.  All widgets were invalidated
[2020.11.05-11.11.48:623][  0]MapCheck: New page: Map Check
[2020.11.05-11.11.48:623][  0]LightingResults: New page: Lighting Build
[2020.11.05-11.11.48:631][  0]LogAISub: UAISubsystem::~UAISubsystem EnvQueryManager (0000016CC9C39C00), frame # 0
[2020.11.05-11.11.48:631][  0]LogAISub: UAISubsystem::~UAISubsystem AIPerceptionSystem (0000016CC9C4AC00), frame # 0
[2020.11.05-11.11.48:632][  0]LogUObjectHash: Compacting FUObjectHashTables data took   0.93ms
[2020.11.05-11.11.48:638][  0]LogAIModule: Creating AISystem for world Level1
[2020.11.05-11.11.48:639][  0]LogAISub: UAISubsystem::UAISubsystem EnvQueryManager (0000016CC240FE00), frame # 0
[2020.11.05-11.11.48:639][  0]LogAISub: UAISubsystem::UAISubsystem AIPerceptionSystem (0000016CCA892980), frame # 0
[2020.11.05-11.11.48:639][  0]LogStreaming: Display: ULevelStreaming::RequestLevel(/Game/Maps/Level_Art) is flushing async loading
[2020.11.05-11.11.48:639][  0]LogStreaming: Display: Flushing async loaders.
[2020.11.05-11.11.48:642][  0]LogStreaming: Display: ULevelStreaming::RequestLevel(/Game/Maps/Level_Lighting) is flushing async loading
[2020.11.05-11.11.48:645][  0]LogStreaming: Display: ULevelStreaming::RequestLevel(/Game/Maps/MapDeDevs/Level_SpawnSystem) is flushing async loading
[2020.11.05-11.11.48:647][  0]LogEditorServer: Finished looking for orphan Actors (0.000 secs)
[2020.11.05-11.11.48:656][  0]LogUObjectHash: Compacting FUObjectHashTables data took   0.58ms
[2020.11.05-11.11.48:656][  0]Cmd: MAP CHECKDEP NOCLEARLOG
[2020.11.05-11.11.48:656][  0]MapCheck: Map check complete: 0 Error(s), 0 Warning(s), took 0,148ms to complete.
[2020.11.05-11.11.48:656][  0]LogFileHelpers: Loading map 'Level1' took 0.035
[2020.11.05-11.11.48:657][  0]LogUnrealEdMisc: Total Editor Startup Time, took 8.086
[2020.11.05-11.11.48:795][  0]LogSlate: Updating window title bar state: overlay mode, drag disabled, window buttons hidden, title bar hidden
[2020.11.05-11.11.48:806][  0]LogSlate: Updating window title bar state: overlay mode, drag disabled, window buttons hidden, title bar hidden
[2020.11.05-11.11.48:817][  0]LogSlate: Updating window title bar state: overlay mode, drag disabled, window buttons hidden, title bar hidden
[2020.11.05-11.11.48:827][  0]LogSlate: Updating window title bar state: overlay mode, drag disabled, window buttons hidden, title bar hidden
[2020.11.05-11.11.48:837][  0]LogCollectionManager: Loaded 0 collections in 0.001518 seconds
[2020.11.05-11.11.48:851][  0]LogFileCache: Scanning file cache for directory 'F:/_GITHUB/Git_SpaceRimCleaner/SpaceRimCleaner/Saved/Collections/' took 0.00s
[2020.11.05-11.11.48:851][  0]LogFileCache: Scanning file cache for directory 'F:/_GITHUB/Git_SpaceRimCleaner/SpaceRimCleaner/Content/Developers/maltiranis/Collections/' took 0.00s
[2020.11.05-11.11.48:851][  0]LogFileCache: Scanning file cache for directory 'F:/_GITHUB/Git_SpaceRimCleaner/SpaceRimCleaner/Content/Collections/' took 0.00s
[2020.11.05-11.11.48:851][  0]LogContentBrowser: Native class hierarchy populated in 0.0096 seconds. Added 3427 classes and 821 folders.
[2020.11.05-11.11.48:855][  0]LogContentBrowser: Native class hierarchy updated for 'WidgetCarousel' in 0.0004 seconds. Added 0 classes and 0 folders.
[2020.11.05-11.11.48:938][  0]LogContentBrowser: Native class hierarchy updated for 'AddContentDialog' in 0.0003 seconds. Added 0 classes and 0 folders.
[2020.11.05-11.11.49:018][  0]LogContentBrowser: Native class hierarchy updated for 'WorldBrowser' in 0.0004 seconds. Added 2 classes and 3 folders.
[2020.11.05-11.11.49:473][  0]LogSlate: Took 0.000179 seconds to synchronously load lazily loaded font '../../../Engine/Content/Slate/Fonts/Roboto-Regular.ttf' (155K)
[2020.11.05-11.11.49:477][  0]LogSlate: Took 0.000165 seconds to synchronously load lazily loaded font '../../../Engine/Content/Slate/Fonts/Roboto-Bold.ttf' (160K)
[2020.11.05-11.11.49:479][  0]LogSlate: Took 0.000147 seconds to synchronously load lazily loaded font '../../../Engine/Content/Editor/Slate/Fonts/FontAwesome.ttf' (139K)
[2020.11.05-11.11.49:534][  0]LogRenderer: Reallocating scene render targets to support 1124x652 Format 10 NumSamples 1 (Frame:1).
[2020.11.05-11.11.49:616][  0]LogContentBrowser: Native class hierarchy updated for 'HierarchicalLODOutliner' in 0.0003 seconds. Added 0 classes and 0 folders.
[2020.11.05-11.11.49:616][  0]LogLoad: (Engine Initialization) Total time: 9.04 seconds
[2020.11.05-11.11.49:616][  0]LogLoad: (Engine Initialization) Total Blueprint compile time: 0.00 seconds
[2020.11.05-11.11.49:670][  0]LogAssetRegistry: Asset discovery search completed in 4.4675 seconds
[2020.11.05-11.11.49:673][  0]LogCollectionManager: Fixed up redirectors for 0 collections in 0.000004 seconds (updated 0 objects)
[2020.11.05-11.11.49:675][  0]LogContentStreaming: Texture pool size now 1000 MB
[2020.11.05-11.11.49:711][  0]LogSlate: Took 0.000265 seconds to synchronously load lazily loaded font '../../../Engine/Content/Slate/Fonts/Roboto-Light.ttf' (167K)
[2020.11.05-11.13.49:727][700]LogTemp: Repeating last play command: New Editor Window (PIE)
[2020.11.05-11.13.49:742][700]LogPlayLevel: PlayLevel: No blueprints needed recompiling
[2020.11.05-11.13.49:742][700]PIE: New page: PIE session: Level1 (5 nov. 2020 à 13:13:49)
[2020.11.05-11.13.49:743][700]LogOnline: OSS: Creating online subsystem instance for: NULL
[2020.11.05-11.13.49:744][700]LogOnline: OSS: TryLoadSubsystemAndSetDefault: Loaded subsystem for module [NULL]
[2020.11.05-11.13.49:744][700]LogPlayLevel: Creating play world package: /Game/Maps/UEDPIE_0_Level1
[2020.11.05-11.13.49:745][700]LogPlayLevel: PIE: StaticDuplicateObject took: (0.001028s)
[2020.11.05-11.13.49:746][700]LogAIModule: Creating AISystem for world Level1
[2020.11.05-11.13.49:746][700]LogAISub: UAISubsystem::UAISubsystem EnvQueryManager (0000016CFE529C00), frame # 5700
[2020.11.05-11.13.49:746][700]LogAISub: UAISubsystem::UAISubsystem AIPerceptionSystem (0000016CFDAC2840), frame # 5700
[2020.11.05-11.13.49:746][700]LogPlayLevel: PIE: World Init took: (0.000888s)
[2020.11.05-11.13.49:746][700]LogPlayLevel: PIE: Created PIE world by copying editor world from /Game/Maps/Level1.Level1 to /Game/Maps/UEDPIE_0_Level1.Level1 (0.002019s)
[2020.11.05-11.13.49:754][700]LogUObjectHash: Compacting FUObjectHashTables data took   0.56ms
[2020.11.05-11.13.49:756][700]LogAudioMixer: Display: Audio Mixer Platform Settings:
[2020.11.05-11.13.49:756][700]LogAudioMixer: Display: 	Sample Rate:						  48000
[2020.11.05-11.13.49:756][700]LogAudioMixer: Display: 	Callback Buffer Frame Size Requested: 1024
[2020.11.05-11.13.49:756][700]LogAudioMixer: Display: 	Callback Buffer Frame Size To Use:	  1024
[2020.11.05-11.13.49:756][700]LogAudioMixer: Display: 	Number of buffers to queue:			  2
[2020.11.05-11.13.49:756][700]LogAudioMixer: Display: 	Max Channels (voices):				  32
[2020.11.05-11.13.49:756][700]LogAudioMixer: Display: 	Number of Async Source Workers:		  0
[2020.11.05-11.13.49:756][700]LogAudio: Display: AudioDevice MaxSources: 32
[2020.11.05-11.13.49:757][700]LogAudio: Display: Using built-in audio occlusion.
[2020.11.05-11.13.49:757][700]LogAudioMixer: Display: Initializing audio mixer.
[2020.11.05-11.13.49:761][700]LogAudioMixer: Display: 0: FrontLeft
[2020.11.05-11.13.49:761][700]LogAudioMixer: Display: 1: FrontRight
[2020.11.05-11.13.49:786][700]LogAudioMixer: Display: Using Audio Device Haut-parleurs (Realtek High Definition Audio)
[2020.11.05-11.13.49:786][700]LogAudioMixer: Display: Initializing Sound Submixes...
[2020.11.05-11.13.49:786][700]LogAudioMixer: Display: Creating Master Submix 'MasterSubmixDefault'
[2020.11.05-11.13.49:786][700]LogAudioMixer: Display: Creating Master Submix 'MasterReverbSubmixDefault'
[2020.11.05-11.13.49:787][700]LogAudioMixer: Display: Creating Master Submix 'MasterEQSubmixDefault'
[2020.11.05-11.13.49:799][700]LogInit: FAudioDevice initialized.
[2020.11.05-11.13.49:849][700]LogSlate: Updating window title bar state: overlay mode, drag disabled, window buttons hidden, title bar hidden
[2020.11.05-11.13.49:908][700]LogLoad: Game class is 'BP_GameModeBase_C'
[2020.11.05-11.13.49:909][700]LogWorld: Bringing World /Game/Maps/UEDPIE_0_Level1.Level1 up for play (max tick rate 0) at 2020.11.05-12.13.49
[2020.11.05-11.13.49:909][700]LogWorld: Bringing up level for play took: 0.000384
[2020.11.05-11.13.49:910][700]LogOnline: OSS: Creating online subsystem instance for: :Context_2
[2020.11.05-11.13.49:913][700]LogContentBrowser: Native class hierarchy updated for 'MovieSceneCapture' in 0.0003 seconds. Added 20 classes and 0 folders.
[2020.11.05-11.13.49:919][700]PIE: Server logged in
[2020.11.05-11.13.49:920][700]PIE: Play in editor total start time 0,179 seconds.
[2020.11.05-11.13.49:923][700]LogSlate: New Slate User Created.  User Index 1, Is Virtual User: 0
[2020.11.05-11.13.49:923][700]LogSlate: Slate User Registered.  User Index 1, Is Virtual User: 0
[2020.11.05-11.13.49:969][701]LogRenderer: Reallocating scene render targets to support 1280x720 Format 10 NumSamples 1 (Frame:1).
[2020.11.05-11.13.54:441][228]LogSlate: Window 'SpaceRimCleaner Preview [NetMode: Standalone] (64-bit/Windows) ' being destroyed
[2020.11.05-11.13.54:447][228]LogWorld: BeginTearingDown for /Game/Maps/UEDPIE_0_Level1
[2020.11.05-11.13.54:471][228]LogWorld: UWorld::CleanupWorld for Level1, bSessionEnded=true, bCleanupResources=true
[2020.11.05-11.13.54:471][228]LogSlate: InvalidateAllWidgets triggered.  All widgets were invalidated
[2020.11.05-11.13.54:475][228]LogPlayLevel: Display: Shutting down PIE online subsystems
[2020.11.05-11.13.54:476][228]LogSlate: InvalidateAllWidgets triggered.  All widgets were invalidated
[2020.11.05-11.13.54:501][228]LogAISub: UAISubsystem::~UAISubsystem EnvQueryManager (0000016CFE529C00), frame # 6228
[2020.11.05-11.13.54:501][228]LogAISub: UAISubsystem::~UAISubsystem AIPerceptionSystem (0000016CFDAC2840), frame # 6228
[2020.11.05-11.13.54:502][228]LogUObjectHash: Compacting FUObjectHashTables data took   0.64ms
[2020.11.05-11.13.54:546][231]LogPlayLevel: Display: Destroying online subsystem :Context_2
[2020.11.05-11.14.06:600][454]LogSlate: Window 'Message' being destroyed
[2020.11.05-11.14.06:604][454]Message dialog closed, result: Ok, title: Message, text: MakeLevelCurrent: The requested operation could not be completed because the level is locked.
[2020.11.05-11.14.10:087][863]LogTemp: Repeating last play command: New Editor Window (PIE)
[2020.11.05-11.14.10:102][863]LogPlayLevel: PlayLevel: No blueprints needed recompiling
[2020.11.05-11.14.10:102][863]PIE: New page: PIE session: Level1 (5 nov. 2020 à 13:14:10)
[2020.11.05-11.14.10:103][863]LogPlayLevel: Creating play world package: /Game/Maps/UEDPIE_0_Level1
[2020.11.05-11.14.10:103][863]LogPlayLevel: PIE: StaticDuplicateObject took: (0.000811s)
[2020.11.05-11.14.10:104][863]LogAIModule: Creating AISystem for world Level1
[2020.11.05-11.14.10:104][863]LogAISub: UAISubsystem::UAISubsystem EnvQueryManager (0000016CFDD67000), frame # 7863
[2020.11.05-11.14.10:104][863]LogAISub: UAISubsystem::UAISubsystem AIPerceptionSystem (0000016CFE30BC40), frame # 7863
[2020.11.05-11.14.10:104][863]LogPlayLevel: PIE: World Init took: (0.000866s)
[2020.11.05-11.14.10:104][863]LogPlayLevel: PIE: Created PIE world by copying editor world from /Game/Maps/Level1.Level1 to /Game/Maps/UEDPIE_0_Level1.Level1 (0.001755s)
[2020.11.05-11.14.10:112][863]LogUObjectHash: Compacting FUObjectHashTables data took   0.52ms
[2020.11.05-11.14.10:114][863]LogAudioMixer: Display: Audio Mixer Platform Settings:
[2020.11.05-11.14.10:114][863]LogAudioMixer: Display: 	Sample Rate:						  48000
[2020.11.05-11.14.10:114][863]LogAudioMixer: Display: 	Callback Buffer Frame Size Requested: 1024
[2020.11.05-11.14.10:114][863]LogAudioMixer: Display: 	Callback Buffer Frame Size To Use:	  1024
[2020.11.05-11.14.10:114][863]LogAudioMixer: Display: 	Number of buffers to queue:			  2
[2020.11.05-11.14.10:114][863]LogAudioMixer: Display: 	Max Channels (voices):				  32
[2020.11.05-11.14.10:114][863]LogAudioMixer: Display: 	Number of Async Source Workers:		  0
[2020.11.05-11.14.10:114][863]LogAudio: Display: AudioDevice MaxSources: 32
[2020.11.05-11.14.10:114][863]LogAudio: Display: Using built-in audio occlusion.
[2020.11.05-11.14.10:114][863]LogAudioMixer: Display: Initializing audio mixer.
[2020.11.05-11.14.10:119][863]LogAudioMixer: Display: 0: FrontLeft
[2020.11.05-11.14.10:119][863]LogAudioMixer: Display: 1: FrontRight
[2020.11.05-11.14.10:143][863]LogAudioMixer: Display: Using Audio Device Haut-parleurs (Realtek High Definition Audio)
[2020.11.05-11.14.10:143][863]LogAudioMixer: Display: Initializing Sound Submixes...
[2020.11.05-11.14.10:143][863]LogAudioMixer: Display: Creating Master Submix 'MasterSubmixDefault'
[2020.11.05-11.14.10:143][863]LogAudioMixer: Display: Creating Master Submix 'MasterReverbSubmixDefault'
[2020.11.05-11.14.10:144][863]LogAudioMixer: Display: Creating Master Submix 'MasterEQSubmixDefault'
[2020.11.05-11.14.10:155][863]LogInit: FAudioDevice initialized.
[2020.11.05-11.14.10:182][863]LogSlate: Updating window title bar state: overlay mode, drag disabled, window buttons hidden, title bar hidden
[2020.11.05-11.14.10:182][863]LogLoad: Game class is 'BP_GameModeBase_C'
[2020.11.05-11.14.10:183][863]LogWorld: Bringing World /Game/Maps/UEDPIE_0_Level1.Level1 up for play (max tick rate 0) at 2020.11.05-12.14.10
[2020.11.05-11.14.10:183][863]LogWorld: Bringing up level for play took: 0.000423
[2020.11.05-11.14.10:183][863]LogOnline: OSS: Creating online subsystem instance for: :Context_3
[2020.11.05-11.14.10:191][863]PIE: Server logged in
[2020.11.05-11.14.10:192][863]PIE: Play in editor total start time 0,091 seconds.
[2020.11.05-11.14.13:722][275]LogSlate: Updating window title bar state: overlay mode, drag disabled, window buttons hidden, title bar hidden
[2020.11.05-11.14.13:722][275]LogWorld: BeginTearingDown for /Game/Maps/UEDPIE_0_Level1
[2020.11.05-11.14.13:722][275]LogSlate: Window 'SpaceRimCleaner Preview [NetMode: Standalone] (64-bit/Windows) ' being destroyed
[2020.11.05-11.14.13:724][275]LogWorld: UWorld::CleanupWorld for Level1, bSessionEnded=true, bCleanupResources=true
[2020.11.05-11.14.13:724][275]LogSlate: InvalidateAllWidgets triggered.  All widgets were invalidated
[2020.11.05-11.14.13:733][275]LogPlayLevel: Display: Shutting down PIE online subsystems
[2020.11.05-11.14.13:734][275]LogSlate: InvalidateAllWidgets triggered.  All widgets were invalidated
[2020.11.05-11.14.13:756][275]LogAISub: UAISubsystem::~UAISubsystem AIPerceptionSystem (0000016CFE30BC40), frame # 8275
[2020.11.05-11.14.13:757][275]LogAISub: UAISubsystem::~UAISubsystem EnvQueryManager (0000016CFDD67000), frame # 8275
[2020.11.05-11.14.13:757][275]LogUObjectHash: Compacting FUObjectHashTables data took   0.48ms
[2020.11.05-11.14.13:785][277]LogPlayLevel: Display: Destroying online subsystem :Context_3
[2020.11.05-11.14.16:154][552]LogTemp: Repeating last play command: New Editor Window (PIE)
[2020.11.05-11.14.16:169][552]LogPlayLevel: PlayLevel: No blueprints needed recompiling
[2020.11.05-11.14.16:169][552]PIE: New page: PIE session: Level1 (5 nov. 2020 à 13:14:16)
[2020.11.05-11.14.16:169][552]LogPlayLevel: Creating play world package: /Game/Maps/UEDPIE_0_Level1
[2020.11.05-11.14.16:170][552]LogPlayLevel: PIE: StaticDuplicateObject took: (0.000823s)
[2020.11.05-11.14.16:171][552]LogAIModule: Creating AISystem for world Level1
[2020.11.05-11.14.16:171][552]LogAISub: UAISubsystem::UAISubsystem EnvQueryManager (0000016C82F32200), frame # 8552
[2020.11.05-11.14.16:171][552]LogAISub: UAISubsystem::UAISubsystem AIPerceptionSystem (0000016CFE2E7240), frame # 8552
[2020.11.05-11.14.16:171][552]LogPlayLevel: PIE: World Init took: (0.000887s)
[2020.11.05-11.14.16:171][552]LogPlayLevel: PIE: Created PIE world by copying editor world from /Game/Maps/Level1.Level1 to /Game/Maps/UEDPIE_0_Level1.Level1 (0.001791s)
[2020.11.05-11.14.16:178][552]LogUObjectHash: Compacting FUObjectHashTables data took   0.54ms
[2020.11.05-11.14.16:180][552]LogAudioMixer: Display: Audio Mixer Platform Settings:
[2020.11.05-11.14.16:180][552]LogAudioMixer: Display: 	Sample Rate:						  48000
[2020.11.05-11.14.16:180][552]LogAudioMixer: Display: 	Callback Buffer Frame Size Requested: 1024
[2020.11.05-11.14.16:180][552]LogAudioMixer: Display: 	Callback Buffer Frame Size To Use:	  1024
[2020.11.05-11.14.16:180][552]LogAudioMixer: Display: 	Number of buffers to queue:			  2
[2020.11.05-11.14.16:180][552]LogAudioMixer: Display: 	Max Channels (voices):				  32
[2020.11.05-11.14.16:180][552]LogAudioMixer: Display: 	Number of Async Source Workers:		  0
[2020.11.05-11.14.16:180][552]LogAudio: Display: AudioDevice MaxSources: 32
[2020.11.05-11.14.16:180][552]LogAudio: Display: Using built-in audio occlusion.
[2020.11.05-11.14.16:180][552]LogAudioMixer: Display: Initializing audio mixer.
[2020.11.05-11.14.16:184][552]LogAudioMixer: Display: 0: FrontLeft
[2020.11.05-11.14.16:184][552]LogAudioMixer: Display: 1: FrontRight
[2020.11.05-11.14.16:209][552]LogAudioMixer: Display: Using Audio Device Haut-parleurs (Realtek High Definition Audio)
[2020.11.05-11.14.16:209][552]LogAudioMixer: Display: Initializing Sound Submixes...
[2020.11.05-11.14.16:209][552]LogAudioMixer: Display: Creating Master Submix 'MasterSubmixDefault'
[2020.11.05-11.14.16:209][552]LogAudioMixer: Display: Creating Master Submix 'MasterReverbSubmixDefault'
[2020.11.05-11.14.16:209][552]LogAudioMixer: Display: Creating Master Submix 'MasterEQSubmixDefault'
[2020.11.05-11.14.16:221][552]LogInit: FAudioDevice initialized.
[2020.11.05-11.14.16:249][552]LogSlate: Updating window title bar state: overlay mode, drag disabled, window buttons hidden, title bar hidden
[2020.11.05-11.14.16:250][552]LogLoad: Game class is 'BP_GameModeBase_C'
[2020.11.05-11.14.16:251][552]LogWorld: Bringing World /Game/Maps/UEDPIE_0_Level1.Level1 up for play (max tick rate 0) at 2020.11.05-12.14.16
[2020.11.05-11.14.16:251][552]LogWorld: Bringing up level for play took: 0.000419
[2020.11.05-11.14.16:251][552]LogOnline: OSS: Creating online subsystem instance for: :Context_4
[2020.11.05-11.14.16:258][552]PIE: Server logged in
[2020.11.05-11.14.16:259][552]PIE: Play in editor total start time 0,091 seconds.
[2020.11.05-11.14.30:189][162]LogSlate: Took 0.005385 seconds to synchronously load lazily loaded font '../../../Engine/Content/Slate/Fonts/Roboto-Italic.ttf' (157K)
[2020.11.05-11.14.48:671][256]LogSlate: Updating window title bar state: overlay mode, drag disabled, window buttons hidden, title bar hidden
[2020.11.05-11.14.48:671][256]LogWorld: BeginTearingDown for /Game/Maps/UEDPIE_0_Level1
[2020.11.05-11.14.48:671][256]LogSlate: Window 'SpaceRimCleaner Preview [NetMode: Standalone] (64-bit/Windows) ' being destroyed
[2020.11.05-11.14.48:674][256]LogWorld: UWorld::CleanupWorld for Level1, bSessionEnded=true, bCleanupResources=true
[2020.11.05-11.14.48:674][256]LogSlate: InvalidateAllWidgets triggered.  All widgets were invalidated
[2020.11.05-11.14.48:684][256]LogPlayLevel: Display: Shutting down PIE online subsystems
[2020.11.05-11.14.48:685][256]LogSlate: InvalidateAllWidgets triggered.  All widgets were invalidated
[2020.11.05-11.14.48:709][256]LogAISub: UAISubsystem::~UAISubsystem AIPerceptionSystem (0000016CFE2E7240), frame # 12256
[2020.11.05-11.14.48:709][256]LogAISub: UAISubsystem::~UAISubsystem EnvQueryManager (0000016C82F32200), frame # 12256
[2020.11.05-11.14.48:710][256]LogUObjectHash: Compacting FUObjectHashTables data took   0.55ms
[2020.11.05-11.14.48:742][258]LogPlayLevel: Display: Destroying online subsystem :Context_4
[2020.11.05-11.14.51:090][527]LogPlayLevel: PlayLevel: No blueprints needed recompiling
[2020.11.05-11.14.51:090][527]PIE: New page: PIE session: Level1 (5 nov. 2020 à 13:14:51)
[2020.11.05-11.14.51:140][527]LogPlayLevel: Creating play world package: /Game/Maps/UEDPIE_0_Level1
[2020.11.05-11.14.51:141][527]LogPlayLevel: PIE: StaticDuplicateObject took: (0.000870s)
[2020.11.05-11.14.51:142][527]LogAIModule: Creating AISystem for world Level1
[2020.11.05-11.14.51:142][527]LogAISub: UAISubsystem::UAISubsystem EnvQueryManager (0000016C84AD2600), frame # 12527
[2020.11.05-11.14.51:142][527]LogAISub: UAISubsystem::UAISubsystem AIPerceptionSystem (0000016CFDAC2340), frame # 12527
[2020.11.05-11.14.51:142][527]LogPlayLevel: PIE: World Init took: (0.000834s)
[2020.11.05-11.14.51:142][527]LogPlayLevel: PIE: Created PIE world by copying editor world from /Game/Maps/Level1.Level1 to /Game/Maps/UEDPIE_0_Level1.Level1 (0.001828s)
[2020.11.05-11.14.51:149][527]LogUObjectHash: Compacting FUObjectHashTables data took   0.51ms
[2020.11.05-11.14.51:151][527]LogAudioMixer: Display: Audio Mixer Platform Settings:
[2020.11.05-11.14.51:151][527]LogAudioMixer: Display: 	Sample Rate:						  48000
[2020.11.05-11.14.51:151][527]LogAudioMixer: Display: 	Callback Buffer Frame Size Requested: 1024
[2020.11.05-11.14.51:151][527]LogAudioMixer: Display: 	Callback Buffer Frame Size To Use:	  1024
[2020.11.05-11.14.51:151][527]LogAudioMixer: Display: 	Number of buffers to queue:			  2
[2020.11.05-11.14.51:151][527]LogAudioMixer: Display: 	Max Channels (voices):				  32
[2020.11.05-11.14.51:151][527]LogAudioMixer: Display: 	Number of Async Source Workers:		  0
[2020.11.05-11.14.51:151][527]LogAudio: Display: AudioDevice MaxSources: 32
[2020.11.05-11.14.51:151][527]LogAudio: Display: Using built-in audio occlusion.
[2020.11.05-11.14.51:151][527]LogAudioMixer: Display: Initializing audio mixer.
[2020.11.05-11.14.51:155][527]LogAudioMixer: Display: 0: FrontLeft
[2020.11.05-11.14.51:156][527]LogAudioMixer: Display: 1: FrontRight
[2020.11.05-11.14.51:181][527]LogAudioMixer: Display: Using Audio Device Haut-parleurs (Realtek High Definition Audio)
[2020.11.05-11.14.51:181][527]LogAudioMixer: Display: Initializing Sound Submixes...
[2020.11.05-11.14.51:181][527]LogAudioMixer: Display: Creating Master Submix 'MasterSubmixDefault'
[2020.11.05-11.14.51:181][527]LogAudioMixer: Display: Creating Master Submix 'MasterReverbSubmixDefault'
[2020.11.05-11.14.51:182][527]LogAudioMixer: Display: Creating Master Submix 'MasterEQSubmixDefault'
[2020.11.05-11.14.51:193][527]LogInit: FAudioDevice initialized.
[2020.11.05-11.14.51:202][527]LogLoad: Game class is 'BP_GameModeBase_C'
[2020.11.05-11.14.51:203][527]LogWorld: Bringing World /Game/Maps/UEDPIE_0_Level1.Level1 up for play (max tick rate 0) at 2020.11.05-12.14.51
[2020.11.05-11.14.51:203][527]LogWorld: Bringing up level for play took: 0.000239
[2020.11.05-11.14.51:203][527]LogOnline: OSS: Creating online subsystem instance for: :Context_6
[2020.11.05-11.14.51:209][527]PIE: Server logged in
[2020.11.05-11.14.51:210][527]PIE: Play in editor total start time 0,121 seconds.
[2020.11.05-11.15.17:861][885]LogSlate: Updating window title bar state: overlay mode, drag disabled, window buttons hidden, title bar hidden
[2020.11.05-11.15.17:862][885]LogWorld: BeginTearingDown for /Game/Maps/UEDPIE_0_Level1
[2020.11.05-11.15.17:862][885]LogWorld: UWorld::CleanupWorld for Level1, bSessionEnded=true, bCleanupResources=true
[2020.11.05-11.15.17:862][885]LogSlate: InvalidateAllWidgets triggered.  All widgets were invalidated
[2020.11.05-11.15.17:871][885]LogPlayLevel: Display: Shutting down PIE online subsystems
[2020.11.05-11.15.17:872][885]LogSlate: InvalidateAllWidgets triggered.  All widgets were invalidated
[2020.11.05-11.15.17:879][885]LogSlate: Updating window title bar state: overlay mode, drag disabled, window buttons hidden, title bar hidden
[2020.11.05-11.15.17:894][885]LogAISub: UAISubsystem::~UAISubsystem AIPerceptionSystem (0000016CFDAC2340), frame # 12885
[2020.11.05-11.15.17:894][885]LogAISub: UAISubsystem::~UAISubsystem EnvQueryManager (0000016C84AD2600), frame # 12885
[2020.11.05-11.15.17:894][885]LogUObjectHash: Compacting FUObjectHashTables data took   0.47ms
[2020.11.05-11.15.17:931][888]LogPlayLevel: Display: Destroying online subsystem :Context_6
[2020.11.05-11.16.08:051][259]LogSlate: Took 0.000192 seconds to synchronously load lazily loaded font '../../../Engine/Content/Slate/Fonts/Roboto-Light.ttf' (167K)
[2020.11.05-11.16.11:648][259]LogSlate: Window 'Pick Parent Class' being destroyed
[2020.11.05-11.16.27:871][128]LogSlate: Warning: Slate: Had to block on waiting for a draw buffer
[2020.11.05-11.16.29:632][128]LogSlate: Window 'Pick Parent Class' being destroyed
[2020.11.05-11.17.00:716][790]LogUObjectHash: Compacting FUObjectHashTables data took   0.47ms
[2020.11.05-11.17.00:727][790]LogSavePackage: Moving 'F:/_GITHUB/Git_SpaceRimCleaner/SpaceRimCleaner/Saved/Level_SpawnSystemD76553104F098B5FFD497AA95D0B1C15.tmp' to 'F:/_GITHUB/Git_SpaceRimCleaner/SpaceRimCleaner/Content/Maps/MapDeDevs/Level_SpawnSystem.umap'
[2020.11.05-11.17.00:739][790]AssetCheck: New page: Asset Save: Level_SpawnSystem
[2020.11.05-11.17.00:739][790]LogContentValidation: Display: Validating World /Game/Maps/MapDeDevs/Level_SpawnSystem.Level_SpawnSystem
